#
# A fatal error has been detected by the Java Runtime Environment:
#
#  EXCEPTION_ACCESS_VIOLATION (0xc0000005) at pc=0x00007ffbdce7c912, pid=23840, tid=23968
#
# JRE version: OpenJDK Runtime Environment JBR-21.0.10+1-1163.105-jcef (21.0.10+1) (build 21.0.10+1-b1163.105)
# Java VM: OpenJDK 64-Bit Server VM JBR-21.0.10+1-1163.105-jcef (21.0.10+1-b1163.105, mixed mode, sharing, tiered, compressed oops, compressed class ptrs, g1 gc, windows-amd64)
# Problematic frame:
# V  [jvm.dll+0x20c912]
#
# No core dump will be written. Minidumps are not enabled by default on client versions of Windows
#
# If you would like to submit a bug report, please visit:
#   https://youtrack.jetbrains.com/issues/JBR
#

---------------  S U M M A R Y ------------

Command Line: -Djava.rmi.server.hostname=127.0.0.1 -Duser.timezone=UTC -Djava.library.path=C:\Users\kieth\AppData\Roaming\JetBrains\DataGrip2025.3\jdbc-drivers\SQL Server\13.2.1\com\microsoft\sqlserver\mssql-jdbc_auth\13.2.1.x86;C:\Users\kieth\AppData\Roaming\JetBrains\DataGrip2025.3\jdbc-drivers\SQL Server\13.2.1\com\microsoft\sqlserver\mssql-jdbc_auth\13.2.1.x64 -Xmx750m -Xms256m --add-exports=java.desktop/sun.awt=ALL-UNNAMED --add-exports=java.desktop/java.awt.peer=ALL-UNNAMED --add-opens=java.desktop/java.awt=ALL-UNNAMED --add-opens=jdk.unsupported/sun.misc=ALL-UNNAMED --add-opens=java.base/java.nio=ALL-UNNAMED --add-opens=java.base/java.util=ALL-UNNAMED -Dfile.encoding=UTF-8 -Dsun.stdout.encoding=UTF-8 -Dsun.stderr.encoding=UTF-8 com.intellij.database.remote.RemoteJdbcServer com.microsoft.sqlserver.jdbc.SQLServerDriver

Host: AMD Ryzen 7 4800H with Radeon Graphics         , 16 cores, 15G,  Windows 11 , 64 bit Build 26100 (10.0.26100.7920)
Time: Wed Mar  4 15:25:54 2026 SE Asia Standard Time elapsed time: 0.579214 seconds (0d 0h 0m 0s)

---------------  T H R E A D  ---------------

Current thread (0x000001deb5c9b610):  JavaThread "C2 CompilerThread1" daemon [_thread_in_vm, id=23968, stack(0x000000746ae00000,0x000000746af00000) (1024K)]


Current CompileTask:
C2:579 1472       4       java.util.HashMap::putVal (300 bytes)

Stack: [0x000000746ae00000,0x000000746af00000],  sp=0x000000746aefcb38,  free space=1010k
Native frames: (J=compiled Java code, j=interpreted, Vv=VM code, C=native code)
V  [jvm.dll+0x20c912]
C  0x000000746aefe2e0


siginfo: EXCEPTION_ACCESS_VIOLATION (0xc0000005), data execution prevention violation at address 0x000001deb5c9b000


Registers:
RAX=0x0000000000000000, RBX=0x000001deb5c9b610, RCX=0x000001deb5c9b9b0, RDX=0x000001deb5c9b9b0
RSP=0x000000746aefcb38, RBP=0x000000746aefcc90, RSI=0x000000746aefcf98, RDI=0x000000746aeff6f8
R8 =0x0000000000000002, R9 =0x0000000000000002, R10=0x000001deb5b8ae20, R11=0x000001deb6f56a98
R12=0x000000746aefcc00, R13=0x0000000000000070, R14=0x000001deb5d12a68, R15=0x000000746aeff0a0
RIP=0x00007ffbdce7c912, EFLAGS=0x0000000000010246

XMM[0]=0x0000000000000000 0x0000000000000000
XMM[1]=0x0000000000000000 0x0000000000000000
XMM[2]=0x000001defc456e50 0x000001defc456e50
XMM[3]=0x0000000000000000 0x000000004586e800
XMM[4]=0x000001defc2d1e58 0x000001defc2d1df0
XMM[5]=0x000001deb5b35640 0x000001deb5b35440
XMM[6]=0x0000000000000000 0x0000000000000000
XMM[7]=0x0000000000000000 0x0000000000000000
XMM[8]=0x0000000000000000 0x0000000000000000
XMM[9]=0x0000000000000000 0x0000000000000000
XMM[10]=0x0000000000000000 0x0000000000000000
XMM[11]=0x0000000000000000 0x0000000000000000
XMM[12]=0x0000000000000000 0x0000000000000000
XMM[13]=0x0000000000000000 0x0000000000000000
XMM[14]=0x0000000000000000 0x0000000000000000
XMM[15]=0x0000000000000000 0x0000000000000000
  MXCSR=0x00001fa0


Register to memory mapping:

RAX=0x0 is null
RBX=0x000001deb5c9b610 is a thread
RCX=0x000001deb5c9b9b0 points into unknown readable memory: 0x0000000000000000 | 00 00 00 00 00 00 00 00
RDX=0x000001deb5c9b9b0 points into unknown readable memory: 0x0000000000000000 | 00 00 00 00 00 00 00 00
RSP=0x000000746aefcb38 is pointing into the stack for thread: 0x000001deb5c9b610
RBP=0x000000746aefcc90 is pointing into the stack for thread: 0x000001deb5c9b610
RSI=0x000000746aefcf98 is pointing into the stack for thread: 0x000001deb5c9b610
RDI=0x000000746aeff6f8 is pointing into the stack for thread: 0x000001deb5c9b610
R8 =0x0000000000000002 is an unknown value
R9 =0x0000000000000002 is an unknown value
R10=0x000001deb5b8ae20 points into unknown readable memory: 0x0000001e00000001 | 01 00 00 00 1e 00 00 00
R11=0x000001deb6f56a98 is pointing into metadata
R12=0x000000746aefcc00 is pointing into the stack for thread: 0x000001deb5c9b610
R13=0x0000000000000070 is an unknown value
R14=0x000001deb5d12a68 points into unknown readable memory: 0x00007ffbdd696ca8 | a8 6c 69 dd fb 7f 00 00
R15=0x000000746aeff0a0 is pointing into the stack for thread: 0x000001deb5c9b610

Top of Stack: (sp=0x000000746aefcb38)
0x000000746aefcb38:   000001deb5c9b610 000000746aefcc90
0x000000746aefcb48:   000000746aefcf98 000001deb5cd9c60
0x000000746aefcb58:   0000000000000005 000001deb6f56a98
0x000000746aefcb68:   000001deb5c9b610 00007ffbdcc70000
0x000000746aefcb78:   000000746aefce90 0000000000000070
0x000000746aefcb88:   000001deb5c3a300 000000746aefce90
0x000000746aefcb98:   00007ffbdcf71248 000000746aefe2e0
0x000000746aefcba8:   0000000000000000 000000746aefcf98
0x000000746aefcbb8:   000000746aefce90 0000000000000020
0x000000746aefcbc8:   000000746aefce90 000000000000001b
0x000000746aefcbd8:   00007ffbdcd3707f 000001de00000000
0x000000746aefcbe8:   000001deb5c3a320 000001deb5b35c18
0x000000746aefcbf8:   00007ffbdd335aff 000001deb5d12b28
0x000000746aefcc08:   00007ffbdd33848a 0000000000000040
0x000000746aefcc18:   0000000000000000 0000000000000020
0x000000746aefcc28:   000001defc1fde40 000001de00000000
0x000000746aefcc38:   000001deb5b36320 000001deb5b35440
0x000000746aefcc48:   00007ffbdccfdfcc 00007ffbdcc70000
0x000000746aefcc58:   000000746aefce90 000001deb5c3a320
0x000000746aefcc68:   00007ffbdcc70000 000000746aefcf98
0x000000746aefcc78:   00007ffbdd3773a6 000000746aefe2e0
0x000000746aefcc88:   000001deb5b35401 0000007400000001
0x000000746aefcc98:   000000746aefcf00 00007ffbdd6c9090
0x000000746aefcca8:   00007ffb00000001 000000746aefe2e0
0x000000746aefccb8:   000000746aeff0a0 000000746aefd820
0x000000746aefccc8:   0000000000000000 0000000000000000
0x000000746aefccd8:   0000000000000038 000001deb5b35108
0x000000746aefcce8:   000001de9e1ce7d0 0000000000000002
0x000000746aefccf8:   000001defc1ff608 00007ffbdcc70000
0x000000746aefcd08:   0000000000000000 0000000000000009
0x000000746aefcd18:   0000000000000000 000000746aefce90
0x000000746aefcd28:   00007ffbdd36f5fb 000000746aefce90 

Instructions: (pc=0x00007ffbdce7c912)
0x00007ffbdce7c812:   00 48 8b 4e 10 48 8b 46 08 48 89 48 10 48 8b 4e
0x00007ffbdce7c822:   08 48 8b 46 18 48 89 41 18 48 8b 4e 08 48 8b 46
0x00007ffbdce7c832:   20 48 89 41 20 48 8d 8f a0 03 00 00 e8 0d 8e 11
0x00007ffbdce7c842:   00 90 c7 87 4c 04 00 00 04 00 00 00 48 8b 44 24
0x00007ffbdce7c852:   30 48 8b 54 e8 48 48 85 d2 0f 84 df 00 00 00 49
0x00007ffbdce7c862:   8b 4f 38 e8 a6 71 ff ff 48 8b 4c 24 30 33 ff 48
0x00007ffbdce7c872:   8b e8 48 8b 51 18 48 85 d2 75 04 8b f7 eb 0c 49
0x00007ffbdce7c882:   8b 4f 38 e8 a6 6e ff ff 48 8b f0 49 8b 17 b9 38
0x00007ffbdce7c892:   00 00 00 e8 46 4c eb ff 48 85 c0 74 1c 4c 8b cd
0x00007ffbdce7c8a2:   4c 8d 44 24 30 48 8b d6 48 8b c8 e8 3e e6 ff ff
0x00007ffbdce7c8b2:   48 8b f8 eb 04 49 8b 7e 30 48 8d 4c 24 30 49 89
0x00007ffbdce7c8c2:   3c 24 e8 77 43 1a 00 48 8b bb 98 01 00 00 48 8b
0x00007ffbdce7c8d2:   4f 10 48 83 39 00 74 0c 48 8b cf e8 1e 44 1a 00
0x00007ffbdce7c8e2:   48 8b 4f 10 48 8b 47 08 48 89 48 10 48 8b 4f 08
0x00007ffbdce7c8f2:   48 8b 47 18 48 89 41 18 48 8b 4f 08 48 8b 47 20
0x00007ffbdce7c902:   48 89 41 20 48 8d 8b a0 03 00 00 e8 3e 8d 11 00
0x00007ffbdce7c912:   48 8b 6c 24 78 90 48 8b b4 24 80 00 00 00 49 8b
0x00007ffbdce7c922:   c6 c7 83 4c 04 00 00 04 00 00 00 48 8b 5c 24 70
0x00007ffbdce7c932:   48 83 c4 40 41 5f 41 5e 41 5d 41 5c 5f c3 ba b7
0x00007ffbdce7c942:   00 00 00 48 8d 0d ac 96 81 00 e8 0f ed 07 00 cc
0x00007ffbdce7c952:   cc cc cc cc cc cc cc cc cc cc cc cc cc cc 48 89
0x00007ffbdce7c962:   5c 24 08 57 48 83 ec 20 48 8b 01 48 8b f9 48 8b
0x00007ffbdce7c972:   50 10 48 8b 42 08 48 8b 58 08 e8 1f 00 00 00 44
0x00007ffbdce7c982:   8b 47 40 8b d0 48 8b cb e8 e1 b9 06 00 48 8b 5c
0x00007ffbdce7c992:   24 30 0f b7 c0 48 83 c4 20 5f c3 cc cc cc 48 89
0x00007ffbdce7c9a2:   5c 24 08 57 48 83 ec 20 48 8b 59 10 48 8b f9 80
0x00007ffbdce7c9b2:   3b ca 75 0e 48 8b d3 33 c9 e8 f0 62 f4 ff 48 8b
0x00007ffbdce7c9c2:   5f 10 81 7f 44 ba 00 00 00 75 1d 80 3b ca 75 0a
0x00007ffbdce7c9d2:   48 8b d3 33 c9 e8 d4 62 f4 ff 8b 43 01 48 8b 5c
0x00007ffbdce7c9e2:   24 30 48 83 c4 20 5f c3 80 3b ca 75 0a 48 8b d3
0x00007ffbdce7c9f2:   33 c9 e8 b7 62 f4 ff 0f b7 43 01 48 8b 5c 24 30
0x00007ffbdce7ca02:   48 83 c4 20 5f c3 cc cc cc cc cc cc cc cc 48 89 


Stack slot to memory mapping:

stack at sp + 0 slots: 0x000001deb5c9b610 is a thread
stack at sp + 1 slots: 0x000000746aefcc90 is pointing into the stack for thread: 0x000001deb5c9b610
stack at sp + 2 slots: 0x000000746aefcf98 is pointing into the stack for thread: 0x000001deb5c9b610
stack at sp + 3 slots: 0x000001deb5cd9c60 points into unknown readable memory: 0x00007ffbdd696790 | 90 67 69 dd fb 7f 00 00
stack at sp + 4 slots: 0x0000000000000005 is an unknown value
stack at sp + 5 slots: 0x000001deb6f56a98 is pointing into metadata
stack at sp + 6 slots: 0x000001deb5c9b610 is a thread
stack at sp + 7 slots: 0x00007ffbdcc70000 jvm.dll


---------------  P R O C E S S  ---------------

Threads class SMR info:
_java_thread_list=0x000001defc585460, length=26, elements={
0x000001de9be38d50, 0x000001deb5aa6f40, 0x000001deb5aa8c80, 0x000001deb5aae030,
0x000001deb5aaf4f0, 0x000001deb5ab4030, 0x000001deb5aba050, 0x000001deb5aba6e0,
0x000001deb5ac5760, 0x000001deb5ac8b50, 0x000001deb5ba3950, 0x000001deb5ab9330,
0x000001deb5c9b610, 0x000001deb5c9bcc0, 0x000001defc2f4f40, 0x000001defc2abf70,
0x000001deb5ab99c0, 0x000001deb5ab78f0, 0x000001deb5abad70, 0x000001deb5ab7f80,
0x000001deb5ab8610, 0x000001deb5ab8ca0, 0x000001defc57ac40, 0x000001defc57c680,
0x000001defc57b2d0, 0x000001defc57cd10
}

Java Threads: ( => current thread )
  0x000001de9be38d50 JavaThread "main"                              [_thread_blocked, id=23888, stack(0x0000007469b00000,0x0000007469c00000) (1024K)]
  0x000001deb5aa6f40 JavaThread "Common-Cleaner"             daemon [_thread_blocked, id=23924, stack(0x000000746a300000,0x000000746a400000) (1024K)]
  0x000001deb5aa8c80 JavaThread "Reference Handler"          daemon [_thread_blocked, id=23928, stack(0x000000746a400000,0x000000746a500000) (1024K)]
  0x000001deb5aae030 JavaThread "Finalizer"                  daemon [_thread_blocked, id=23932, stack(0x000000746a500000,0x000000746a600000) (1024K)]
  0x000001deb5aaf4f0 JavaThread "Signal Dispatcher"          daemon [_thread_blocked, id=23936, stack(0x000000746a600000,0x000000746a700000) (1024K)]
  0x000001deb5ab4030 JavaThread "Attach Listener"            daemon [_thread_blocked, id=23940, stack(0x000000746a700000,0x000000746a800000) (1024K)]
  0x000001deb5aba050 JavaThread "Service Thread"             daemon [_thread_blocked, id=23944, stack(0x000000746a800000,0x000000746a900000) (1024K)]
  0x000001deb5aba6e0 JavaThread "Monitor Deflation Thread"   daemon [_thread_blocked, id=23948, stack(0x000000746a900000,0x000000746aa00000) (1024K)]
  0x000001deb5ac5760 JavaThread "C2 CompilerThread0"         daemon [_thread_blocked, id=23952, stack(0x000000746aa00000,0x000000746ab00000) (1024K)]
  0x000001deb5ac8b50 JavaThread "C1 CompilerThread0"         daemon [_thread_in_native, id=23956, stack(0x000000746ab00000,0x000000746ac00000) (1024K)]
  0x000001deb5ba3950 JavaThread "C1 CompilerThread1"         daemon [_thread_blocked, id=23960, stack(0x000000746ac00000,0x000000746ad00000) (1024K)]
  0x000001deb5ab9330 JavaThread "Notification Thread"        daemon [_thread_blocked, id=23964, stack(0x000000746ad00000,0x000000746ae00000) (1024K)]
=>0x000001deb5c9b610 JavaThread "C2 CompilerThread1"         daemon [_thread_in_vm, id=23968, stack(0x000000746ae00000,0x000000746af00000) (1024K)]
  0x000001deb5c9bcc0 JavaThread "C2 CompilerThread2"         daemon [_thread_blocked, id=23972, stack(0x000000746af00000,0x000000746b000000) (1024K)]
  0x000001defc2f4f40 JavaThread "C1 CompilerThread2"         daemon [_thread_blocked, id=23976, stack(0x000000746b000000,0x000000746b100000) (1024K)]
  0x000001defc2abf70 JavaThread "C1 CompilerThread3"         daemon [_thread_in_vm, id=23980, stack(0x000000746b100000,0x000000746b200000) (1024K)]
  0x000001deb5ab99c0 JavaThread "RMI TCP Accept-5456"        daemon [_thread_in_native, id=23984, stack(0x000000746b200000,0x000000746b300000) (1024K)]
  0x000001deb5ab78f0 JavaThread "RMI TCP Accept-0"           daemon [_thread_in_native, id=23988, stack(0x000000746b300000,0x000000746b400000) (1024K)]
  0x000001deb5abad70 JavaThread "RMI Reaper"                        [_thread_blocked, id=23992, stack(0x000000746b400000,0x000000746b500000) (1024K)]
  0x000001deb5ab7f80 JavaThread "RMI GC Daemon"              daemon [_thread_blocked, id=23996, stack(0x000000746b500000,0x000000746b600000) (1024K)]
  0x000001deb5ab8610 JavaThread "RMI TCP Connection(1)-127.0.0.1" daemon [_thread_in_native, id=24000, stack(0x000000746b600000,0x000000746b700000) (1024K)]
  0x000001deb5ab8ca0 JavaThread "RMI TCP Connection(2)-127.0.0.1" daemon [_thread_in_native, id=24004, stack(0x000000746b700000,0x000000746b800000) (1024K)]
  0x000001defc57ac40 JavaThread "RMI Scheduler(0)"           daemon [_thread_blocked, id=24012, stack(0x000000746b800000,0x000000746b900000) (1024K)]
  0x000001defc57c680 JavaThread "RMI TCP Connection(3)-127.0.0.1" daemon [_thread_in_native, id=24016, stack(0x000000746b900000,0x000000746ba00000) (1024K)]
  0x000001defc57b2d0 JavaThread "RMI TCP Connection(4)-127.0.0.1" daemon [_thread_in_Java, id=24020, stack(0x000000746ba00000,0x000000746bb00000) (1024K)]
  0x000001defc57cd10 JavaThread "RMI RenewClean-[127.0.0.1:62015]" daemon [_thread_blocked, id=24024, stack(0x000000746bb00000,0x000000746bc00000) (1024K)]
Total: 26

Other Threads:
  0x000001deb59595e0 VMThread "VM Thread"                           [id=23920, stack(0x000000746a200000,0x000000746a300000) (1024K)]
  0x000001deb5949a90 WatcherThread "VM Periodic Task Thread"        [id=23916, stack(0x000000746a100000,0x000000746a200000) (1024K)]
  0x000001de9e1ef950 WorkerThread "GC Thread#0"                     [id=23892, stack(0x0000007469c00000,0x0000007469d00000) (1024K)]
  0x000001defc5e0190 WorkerThread "GC Thread#1"                     [id=24028, stack(0x000000746bc00000,0x000000746bd00000) (1024K)]
  0x000001defc5e1050 WorkerThread "GC Thread#2"                     [id=24032, stack(0x000000746bd00000,0x000000746be00000) (1024K)]
  0x000001defc5dfde0 WorkerThread "GC Thread#3"                     [id=24036, stack(0x000000746be00000,0x000000746bf00000) (1024K)]
  0x000001defc5e08f0 WorkerThread "GC Thread#4"                     [id=24040, stack(0x000000746bf00000,0x000000746c000000) (1024K)]
  0x000001defc5e17b0 WorkerThread "GC Thread#5"                     [id=24044, stack(0x000000746c000000,0x000000746c100000) (1024K)]
  0x000001defc5e0540 WorkerThread "GC Thread#6"                     [id=24048, stack(0x000000746c100000,0x000000746c200000) (1024K)]
  0x000001defc5abcb0 WorkerThread "GC Thread#7"                     [id=24052, stack(0x000000746c200000,0x000000746c300000) (1024K)]
  0x000001defc5ac7c0 WorkerThread "GC Thread#8"                     [id=24056, stack(0x000000746c300000,0x000000746c400000) (1024K)]
  0x000001defc5ab900 WorkerThread "GC Thread#9"                     [id=24060, stack(0x000000746c400000,0x000000746c500000) (1024K)]
  0x000001defc5ada30 WorkerThread "GC Thread#10"                    [id=24064, stack(0x000000746c500000,0x000000746c600000) (1024K)]
  0x000001defc5ae190 WorkerThread "GC Thread#11"                    [id=24068, stack(0x000000746c600000,0x000000746c700000) (1024K)]
  0x000001de9e1f6610 ConcurrentGCThread "G1 Main Marker"            [id=23896, stack(0x0000007469d00000,0x0000007469e00000) (1024K)]
  0x000001de9e1f7eb0 WorkerThread "G1 Conc#0"                       [id=23900, stack(0x0000007469e00000,0x0000007469f00000) (1024K)]
  0x000001de9e27e8b0 ConcurrentGCThread "G1 Refine#0"               [id=23904, stack(0x0000007469f00000,0x000000746a000000) (1024K)]
  0x000001deb581e280 ConcurrentGCThread "G1 Service"                [id=23908, stack(0x000000746a000000,0x000000746a100000) (1024K)]
Total: 18

Threads with active compile tasks:
C1 CompilerThread0  603 1538       3       java.nio.ByteBuffer::flip (7 bytes)
C1 CompilerThread1  603 1530       3       sun.nio.ch.Util::getTemporaryDirectBuffer (55 bytes)
C2 CompilerThread1  603 1472       4       java.util.HashMap::putVal (300 bytes)
C1 CompilerThread2  603 1540       3       java.nio.Buffer::checkSession (14 bytes)
C1 CompilerThread3  603 1542       3       sun.nio.ch.IOUtil::read (14 bytes)
Total: 5

VM state: not at safepoint (normal execution)

VM Mutex/Monitor currently owned by a thread:  ([mutex/lock_event])
[0x00007ffbdd947920] MonitoringSupport_lock - owner thread: 0x0000000000000000

Heap address: 0x00000000d1200000, size: 750 MB, Compressed Oops mode: 32-bit

CDS archive(s) mapped at: [0x000001deb6000000-0x000001deb7c20000-0x000001deb7c20000), size 29491200, SharedBaseAddress: 0x000001deb6000000, ArchiveRelocationMode: 1.
Compressed class space mapped at: 0x000001deb8000000-0x000001def8000000, reserved size: 1073741824
Narrow klass base: 0x000001deb6000000, Narrow klass shift: 0, Narrow klass range: 0x100000000

GC Precious Log:
 CardTable entry size: 512
 Card Set container configuration: InlinePtr #cards 5 size 8 Array Of Cards #cards 12 size 40 Howl #buckets 4 coarsen threshold 1843 Howl Bitmap #cards 512 size 80 coarsen threshold 460 Card regions per heap region 1 cards per card region 2048
 CPUs: 16 total, 16 available
 Memory: 15791M
 Large Page Support: Disabled
 NUMA Support: Disabled
 Compressed Oops: Enabled (32-bit)
 Heap Region Size: 1M
 Heap Min Capacity: 256M
 Heap Initial Capacity: 256M
 Heap Max Capacity: 750M
 Pre-touch: Disabled
 Parallel Workers: 13
 Concurrent Workers: 3
 Concurrent Refinement Workers: 13
 Periodic GC: Disabled

Heap:
 garbage-first heap   total 262144K, used 9701K [0x00000000d1200000, 0x0000000100000000)
  region size 1024K, 6 young (6144K), 3 survivors (3072K)
 Metaspace       used 4325K, committed 4672K, reserved 1114112K
  class space    used 587K, committed 768K, reserved 1048576K

Heap Regions: E=young(eden), S=young(survivor), O=old, HS=humongous(starts), HC=humongous(continues), CS=collection set, F=free, TAMS=top-at-mark-start, PB=parsable bottom
|   0|0x00000000d1200000, 0x00000000d1300000, 0x00000000d1300000|100%|HS|  |TAMS 0x00000000d1200000| PB 0x00000000d1200000| Complete 
|   1|0x00000000d1300000, 0x00000000d1400000, 0x00000000d1400000|100%|HS|  |TAMS 0x00000000d1300000| PB 0x00000000d1300000| Complete 
|   2|0x00000000d1400000, 0x00000000d1500000, 0x00000000d1500000|100%| O|  |TAMS 0x00000000d1400000| PB 0x00000000d1400000| Untracked 
|   3|0x00000000d1500000, 0x00000000d1600000, 0x00000000d1600000|100%| O|  |TAMS 0x00000000d1500000| PB 0x00000000d1500000| Untracked 
|   4|0x00000000d1600000, 0x00000000d16794c0, 0x00000000d1700000| 47%| O|  |TAMS 0x00000000d1600000| PB 0x00000000d1600000| Untracked 
|   5|0x00000000d1700000, 0x00000000d1700000, 0x00000000d1800000|  0%| F|  |TAMS 0x00000000d1700000| PB 0x00000000d1700000| Untracked 
|   6|0x00000000d1800000, 0x00000000d1800000, 0x00000000d1900000|  0%| F|  |TAMS 0x00000000d1800000| PB 0x00000000d1800000| Untracked 
|   7|0x00000000d1900000, 0x00000000d1900000, 0x00000000d1a00000|  0%| F|  |TAMS 0x00000000d1900000| PB 0x00000000d1900000| Untracked 
|   8|0x00000000d1a00000, 0x00000000d1a00000, 0x00000000d1b00000|  0%| F|  |TAMS 0x00000000d1a00000| PB 0x00000000d1a00000| Untracked 
|   9|0x00000000d1b00000, 0x00000000d1b00000, 0x00000000d1c00000|  0%| F|  |TAMS 0x00000000d1b00000| PB 0x00000000d1b00000| Untracked 
|  10|0x00000000d1c00000, 0x00000000d1c00000, 0x00000000d1d00000|  0%| F|  |TAMS 0x00000000d1c00000| PB 0x00000000d1c00000| Untracked 
|  11|0x00000000d1d00000, 0x00000000d1d00000, 0x00000000d1e00000|  0%| F|  |TAMS 0x00000000d1d00000| PB 0x00000000d1d00000| Untracked 
|  12|0x00000000d1e00000, 0x00000000d1e00000, 0x00000000d1f00000|  0%| F|  |TAMS 0x00000000d1e00000| PB 0x00000000d1e00000| Untracked 
|  13|0x00000000d1f00000, 0x00000000d1f00000, 0x00000000d2000000|  0%| F|  |TAMS 0x00000000d1f00000| PB 0x00000000d1f00000| Untracked 
|  14|0x00000000d2000000, 0x00000000d2000000, 0x00000000d2100000|  0%| F|  |TAMS 0x00000000d2000000| PB 0x00000000d2000000| Untracked 
|  15|0x00000000d2100000, 0x00000000d2100000, 0x00000000d2200000|  0%| F|  |TAMS 0x00000000d2100000| PB 0x00000000d2100000| Untracked 
|  16|0x00000000d2200000, 0x00000000d2200000, 0x00000000d2300000|  0%| F|  |TAMS 0x00000000d2200000| PB 0x00000000d2200000| Untracked 
|  17|0x00000000d2300000, 0x00000000d2300000, 0x00000000d2400000|  0%| F|  |TAMS 0x00000000d2300000| PB 0x00000000d2300000| Untracked 
|  18|0x00000000d2400000, 0x00000000d2400000, 0x00000000d2500000|  0%| F|  |TAMS 0x00000000d2400000| PB 0x00000000d2400000| Untracked 
|  19|0x00000000d2500000, 0x00000000d2500000, 0x00000000d2600000|  0%| F|  |TAMS 0x00000000d2500000| PB 0x00000000d2500000| Untracked 
|  20|0x00000000d2600000, 0x00000000d2600000, 0x00000000d2700000|  0%| F|  |TAMS 0x00000000d2600000| PB 0x00000000d2600000| Untracked 
|  21|0x00000000d2700000, 0x00000000d2700000, 0x00000000d2800000|  0%| F|  |TAMS 0x00000000d2700000| PB 0x00000000d2700000| Untracked 
|  22|0x00000000d2800000, 0x00000000d2800000, 0x00000000d2900000|  0%| F|  |TAMS 0x00000000d2800000| PB 0x00000000d2800000| Untracked 
|  23|0x00000000d2900000, 0x00000000d2900000, 0x00000000d2a00000|  0%| F|  |TAMS 0x00000000d2900000| PB 0x00000000d2900000| Untracked 
|  24|0x00000000d2a00000, 0x00000000d2a00000, 0x00000000d2b00000|  0%| F|  |TAMS 0x00000000d2a00000| PB 0x00000000d2a00000| Untracked 
|  25|0x00000000d2b00000, 0x00000000d2b00000, 0x00000000d2c00000|  0%| F|  |TAMS 0x00000000d2b00000| PB 0x00000000d2b00000| Untracked 
|  26|0x00000000d2c00000, 0x00000000d2c00000, 0x00000000d2d00000|  0%| F|  |TAMS 0x00000000d2c00000| PB 0x00000000d2c00000| Untracked 
|  27|0x00000000d2d00000, 0x00000000d2d00000, 0x00000000d2e00000|  0%| F|  |TAMS 0x00000000d2d00000| PB 0x00000000d2d00000| Untracked 
|  28|0x00000000d2e00000, 0x00000000d2e00000, 0x00000000d2f00000|  0%| F|  |TAMS 0x00000000d2e00000| PB 0x00000000d2e00000| Untracked 
|  29|0x00000000d2f00000, 0x00000000d2f00000, 0x00000000d3000000|  0%| F|  |TAMS 0x00000000d2f00000| PB 0x00000000d2f00000| Untracked 
|  30|0x00000000d3000000, 0x00000000d3000000, 0x00000000d3100000|  0%| F|  |TAMS 0x00000000d3000000| PB 0x00000000d3000000| Untracked 
|  31|0x00000000d3100000, 0x00000000d3100000, 0x00000000d3200000|  0%| F|  |TAMS 0x00000000d3100000| PB 0x00000000d3100000| Untracked 
|  32|0x00000000d3200000, 0x00000000d3200000, 0x00000000d3300000|  0%| F|  |TAMS 0x00000000d3200000| PB 0x00000000d3200000| Untracked 
|  33|0x00000000d3300000, 0x00000000d3300000, 0x00000000d3400000|  0%| F|  |TAMS 0x00000000d3300000| PB 0x00000000d3300000| Untracked 
|  34|0x00000000d3400000, 0x00000000d3400000, 0x00000000d3500000|  0%| F|  |TAMS 0x00000000d3400000| PB 0x00000000d3400000| Untracked 
|  35|0x00000000d3500000, 0x00000000d3500000, 0x00000000d3600000|  0%| F|  |TAMS 0x00000000d3500000| PB 0x00000000d3500000| Untracked 
|  36|0x00000000d3600000, 0x00000000d3600000, 0x00000000d3700000|  0%| F|  |TAMS 0x00000000d3600000| PB 0x00000000d3600000| Untracked 
|  37|0x00000000d3700000, 0x00000000d3700000, 0x00000000d3800000|  0%| F|  |TAMS 0x00000000d3700000| PB 0x00000000d3700000| Untracked 
|  38|0x00000000d3800000, 0x00000000d3800000, 0x00000000d3900000|  0%| F|  |TAMS 0x00000000d3800000| PB 0x00000000d3800000| Untracked 
|  39|0x00000000d3900000, 0x00000000d3900000, 0x00000000d3a00000|  0%| F|  |TAMS 0x00000000d3900000| PB 0x00000000d3900000| Untracked 
|  40|0x00000000d3a00000, 0x00000000d3a00000, 0x00000000d3b00000|  0%| F|  |TAMS 0x00000000d3a00000| PB 0x00000000d3a00000| Untracked 
|  41|0x00000000d3b00000, 0x00000000d3b00000, 0x00000000d3c00000|  0%| F|  |TAMS 0x00000000d3b00000| PB 0x00000000d3b00000| Untracked 
|  42|0x00000000d3c00000, 0x00000000d3c00000, 0x00000000d3d00000|  0%| F|  |TAMS 0x00000000d3c00000| PB 0x00000000d3c00000| Untracked 
|  43|0x00000000d3d00000, 0x00000000d3d00000, 0x00000000d3e00000|  0%| F|  |TAMS 0x00000000d3d00000| PB 0x00000000d3d00000| Untracked 
|  44|0x00000000d3e00000, 0x00000000d3e00000, 0x00000000d3f00000|  0%| F|  |TAMS 0x00000000d3e00000| PB 0x00000000d3e00000| Untracked 
|  45|0x00000000d3f00000, 0x00000000d3f00000, 0x00000000d4000000|  0%| F|  |TAMS 0x00000000d3f00000| PB 0x00000000d3f00000| Untracked 
|  46|0x00000000d4000000, 0x00000000d4000000, 0x00000000d4100000|  0%| F|  |TAMS 0x00000000d4000000| PB 0x00000000d4000000| Untracked 
|  47|0x00000000d4100000, 0x00000000d4100000, 0x00000000d4200000|  0%| F|  |TAMS 0x00000000d4100000| PB 0x00000000d4100000| Untracked 
|  48|0x00000000d4200000, 0x00000000d4200000, 0x00000000d4300000|  0%| F|  |TAMS 0x00000000d4200000| PB 0x00000000d4200000| Untracked 
|  49|0x00000000d4300000, 0x00000000d4300000, 0x00000000d4400000|  0%| F|  |TAMS 0x00000000d4300000| PB 0x00000000d4300000| Untracked 
|  50|0x00000000d4400000, 0x00000000d4400000, 0x00000000d4500000|  0%| F|  |TAMS 0x00000000d4400000| PB 0x00000000d4400000| Untracked 
|  51|0x00000000d4500000, 0x00000000d4500000, 0x00000000d4600000|  0%| F|  |TAMS 0x00000000d4500000| PB 0x00000000d4500000| Untracked 
|  52|0x00000000d4600000, 0x00000000d4600000, 0x00000000d4700000|  0%| F|  |TAMS 0x00000000d4600000| PB 0x00000000d4600000| Untracked 
|  53|0x00000000d4700000, 0x00000000d4700000, 0x00000000d4800000|  0%| F|  |TAMS 0x00000000d4700000| PB 0x00000000d4700000| Untracked 
|  54|0x00000000d4800000, 0x00000000d4800000, 0x00000000d4900000|  0%| F|  |TAMS 0x00000000d4800000| PB 0x00000000d4800000| Untracked 
|  55|0x00000000d4900000, 0x00000000d4900000, 0x00000000d4a00000|  0%| F|  |TAMS 0x00000000d4900000| PB 0x00000000d4900000| Untracked 
|  56|0x00000000d4a00000, 0x00000000d4a00000, 0x00000000d4b00000|  0%| F|  |TAMS 0x00000000d4a00000| PB 0x00000000d4a00000| Untracked 
|  57|0x00000000d4b00000, 0x00000000d4b00000, 0x00000000d4c00000|  0%| F|  |TAMS 0x00000000d4b00000| PB 0x00000000d4b00000| Untracked 
|  58|0x00000000d4c00000, 0x00000000d4c00000, 0x00000000d4d00000|  0%| F|  |TAMS 0x00000000d4c00000| PB 0x00000000d4c00000| Untracked 
|  59|0x00000000d4d00000, 0x00000000d4d00000, 0x00000000d4e00000|  0%| F|  |TAMS 0x00000000d4d00000| PB 0x00000000d4d00000| Untracked 
|  60|0x00000000d4e00000, 0x00000000d4e00000, 0x00000000d4f00000|  0%| F|  |TAMS 0x00000000d4e00000| PB 0x00000000d4e00000| Untracked 
|  61|0x00000000d4f00000, 0x00000000d4f00000, 0x00000000d5000000|  0%| F|  |TAMS 0x00000000d4f00000| PB 0x00000000d4f00000| Untracked 
|  62|0x00000000d5000000, 0x00000000d5000000, 0x00000000d5100000|  0%| F|  |TAMS 0x00000000d5000000| PB 0x00000000d5000000| Untracked 
|  63|0x00000000d5100000, 0x00000000d5100000, 0x00000000d5200000|  0%| F|  |TAMS 0x00000000d5100000| PB 0x00000000d5100000| Untracked 
|  64|0x00000000d5200000, 0x00000000d5200000, 0x00000000d5300000|  0%| F|  |TAMS 0x00000000d5200000| PB 0x00000000d5200000| Untracked 
|  65|0x00000000d5300000, 0x00000000d5300000, 0x00000000d5400000|  0%| F|  |TAMS 0x00000000d5300000| PB 0x00000000d5300000| Untracked 
|  66|0x00000000d5400000, 0x00000000d5400000, 0x00000000d5500000|  0%| F|  |TAMS 0x00000000d5400000| PB 0x00000000d5400000| Untracked 
|  67|0x00000000d5500000, 0x00000000d5500000, 0x00000000d5600000|  0%| F|  |TAMS 0x00000000d5500000| PB 0x00000000d5500000| Untracked 
|  68|0x00000000d5600000, 0x00000000d5600000, 0x00000000d5700000|  0%| F|  |TAMS 0x00000000d5600000| PB 0x00000000d5600000| Untracked 
|  69|0x00000000d5700000, 0x00000000d5700000, 0x00000000d5800000|  0%| F|  |TAMS 0x00000000d5700000| PB 0x00000000d5700000| Untracked 
|  70|0x00000000d5800000, 0x00000000d5800000, 0x00000000d5900000|  0%| F|  |TAMS 0x00000000d5800000| PB 0x00000000d5800000| Untracked 
|  71|0x00000000d5900000, 0x00000000d5900000, 0x00000000d5a00000|  0%| F|  |TAMS 0x00000000d5900000| PB 0x00000000d5900000| Untracked 
|  72|0x00000000d5a00000, 0x00000000d5a00000, 0x00000000d5b00000|  0%| F|  |TAMS 0x00000000d5a00000| PB 0x00000000d5a00000| Untracked 
|  73|0x00000000d5b00000, 0x00000000d5b00000, 0x00000000d5c00000|  0%| F|  |TAMS 0x00000000d5b00000| PB 0x00000000d5b00000| Untracked 
|  74|0x00000000d5c00000, 0x00000000d5c00000, 0x00000000d5d00000|  0%| F|  |TAMS 0x00000000d5c00000| PB 0x00000000d5c00000| Untracked 
|  75|0x00000000d5d00000, 0x00000000d5d00000, 0x00000000d5e00000|  0%| F|  |TAMS 0x00000000d5d00000| PB 0x00000000d5d00000| Untracked 
|  76|0x00000000d5e00000, 0x00000000d5e00000, 0x00000000d5f00000|  0%| F|  |TAMS 0x00000000d5e00000| PB 0x00000000d5e00000| Untracked 
|  77|0x00000000d5f00000, 0x00000000d5f00000, 0x00000000d6000000|  0%| F|  |TAMS 0x00000000d5f00000| PB 0x00000000d5f00000| Untracked 
|  78|0x00000000d6000000, 0x00000000d6000000, 0x00000000d6100000|  0%| F|  |TAMS 0x00000000d6000000| PB 0x00000000d6000000| Untracked 
|  79|0x00000000d6100000, 0x00000000d6100000, 0x00000000d6200000|  0%| F|  |TAMS 0x00000000d6100000| PB 0x00000000d6100000| Untracked 
|  80|0x00000000d6200000, 0x00000000d6200000, 0x00000000d6300000|  0%| F|  |TAMS 0x00000000d6200000| PB 0x00000000d6200000| Untracked 
|  81|0x00000000d6300000, 0x00000000d6300000, 0x00000000d6400000|  0%| F|  |TAMS 0x00000000d6300000| PB 0x00000000d6300000| Untracked 
|  82|0x00000000d6400000, 0x00000000d6400000, 0x00000000d6500000|  0%| F|  |TAMS 0x00000000d6400000| PB 0x00000000d6400000| Untracked 
|  83|0x00000000d6500000, 0x00000000d6500000, 0x00000000d6600000|  0%| F|  |TAMS 0x00000000d6500000| PB 0x00000000d6500000| Untracked 
|  84|0x00000000d6600000, 0x00000000d6600000, 0x00000000d6700000|  0%| F|  |TAMS 0x00000000d6600000| PB 0x00000000d6600000| Untracked 
|  85|0x00000000d6700000, 0x00000000d6700000, 0x00000000d6800000|  0%| F|  |TAMS 0x00000000d6700000| PB 0x00000000d6700000| Untracked 
|  86|0x00000000d6800000, 0x00000000d6800000, 0x00000000d6900000|  0%| F|  |TAMS 0x00000000d6800000| PB 0x00000000d6800000| Untracked 
|  87|0x00000000d6900000, 0x00000000d6900000, 0x00000000d6a00000|  0%| F|  |TAMS 0x00000000d6900000| PB 0x00000000d6900000| Untracked 
|  88|0x00000000d6a00000, 0x00000000d6a00000, 0x00000000d6b00000|  0%| F|  |TAMS 0x00000000d6a00000| PB 0x00000000d6a00000| Untracked 
|  89|0x00000000d6b00000, 0x00000000d6b00000, 0x00000000d6c00000|  0%| F|  |TAMS 0x00000000d6b00000| PB 0x00000000d6b00000| Untracked 
|  90|0x00000000d6c00000, 0x00000000d6c00000, 0x00000000d6d00000|  0%| F|  |TAMS 0x00000000d6c00000| PB 0x00000000d6c00000| Untracked 
|  91|0x00000000d6d00000, 0x00000000d6d00000, 0x00000000d6e00000|  0%| F|  |TAMS 0x00000000d6d00000| PB 0x00000000d6d00000| Untracked 
|  92|0x00000000d6e00000, 0x00000000d6e00000, 0x00000000d6f00000|  0%| F|  |TAMS 0x00000000d6e00000| PB 0x00000000d6e00000| Untracked 
|  93|0x00000000d6f00000, 0x00000000d6f00000, 0x00000000d7000000|  0%| F|  |TAMS 0x00000000d6f00000| PB 0x00000000d6f00000| Untracked 
|  94|0x00000000d7000000, 0x00000000d7000000, 0x00000000d7100000|  0%| F|  |TAMS 0x00000000d7000000| PB 0x00000000d7000000| Untracked 
|  95|0x00000000d7100000, 0x00000000d7100000, 0x00000000d7200000|  0%| F|  |TAMS 0x00000000d7100000| PB 0x00000000d7100000| Untracked 
|  96|0x00000000d7200000, 0x00000000d7200000, 0x00000000d7300000|  0%| F|  |TAMS 0x00000000d7200000| PB 0x00000000d7200000| Untracked 
|  97|0x00000000d7300000, 0x00000000d7300000, 0x00000000d7400000|  0%| F|  |TAMS 0x00000000d7300000| PB 0x00000000d7300000| Untracked 
|  98|0x00000000d7400000, 0x00000000d7400000, 0x00000000d7500000|  0%| F|  |TAMS 0x00000000d7400000| PB 0x00000000d7400000| Untracked 
|  99|0x00000000d7500000, 0x00000000d7500000, 0x00000000d7600000|  0%| F|  |TAMS 0x00000000d7500000| PB 0x00000000d7500000| Untracked 
| 100|0x00000000d7600000, 0x00000000d7600000, 0x00000000d7700000|  0%| F|  |TAMS 0x00000000d7600000| PB 0x00000000d7600000| Untracked 
| 101|0x00000000d7700000, 0x00000000d7700000, 0x00000000d7800000|  0%| F|  |TAMS 0x00000000d7700000| PB 0x00000000d7700000| Untracked 
| 102|0x00000000d7800000, 0x00000000d7800000, 0x00000000d7900000|  0%| F|  |TAMS 0x00000000d7800000| PB 0x00000000d7800000| Untracked 
| 103|0x00000000d7900000, 0x00000000d7900000, 0x00000000d7a00000|  0%| F|  |TAMS 0x00000000d7900000| PB 0x00000000d7900000| Untracked 
| 104|0x00000000d7a00000, 0x00000000d7a00000, 0x00000000d7b00000|  0%| F|  |TAMS 0x00000000d7a00000| PB 0x00000000d7a00000| Untracked 
| 105|0x00000000d7b00000, 0x00000000d7b00000, 0x00000000d7c00000|  0%| F|  |TAMS 0x00000000d7b00000| PB 0x00000000d7b00000| Untracked 
| 106|0x00000000d7c00000, 0x00000000d7c00000, 0x00000000d7d00000|  0%| F|  |TAMS 0x00000000d7c00000| PB 0x00000000d7c00000| Untracked 
| 107|0x00000000d7d00000, 0x00000000d7d00000, 0x00000000d7e00000|  0%| F|  |TAMS 0x00000000d7d00000| PB 0x00000000d7d00000| Untracked 
| 108|0x00000000d7e00000, 0x00000000d7e00000, 0x00000000d7f00000|  0%| F|  |TAMS 0x00000000d7e00000| PB 0x00000000d7e00000| Untracked 
| 109|0x00000000d7f00000, 0x00000000d7f00000, 0x00000000d8000000|  0%| F|  |TAMS 0x00000000d7f00000| PB 0x00000000d7f00000| Untracked 
| 110|0x00000000d8000000, 0x00000000d8000000, 0x00000000d8100000|  0%| F|  |TAMS 0x00000000d8000000| PB 0x00000000d8000000| Untracked 
| 111|0x00000000d8100000, 0x00000000d8100000, 0x00000000d8200000|  0%| F|  |TAMS 0x00000000d8100000| PB 0x00000000d8100000| Untracked 
| 112|0x00000000d8200000, 0x00000000d8200000, 0x00000000d8300000|  0%| F|  |TAMS 0x00000000d8200000| PB 0x00000000d8200000| Untracked 
| 113|0x00000000d8300000, 0x00000000d8300000, 0x00000000d8400000|  0%| F|  |TAMS 0x00000000d8300000| PB 0x00000000d8300000| Untracked 
| 114|0x00000000d8400000, 0x00000000d8400000, 0x00000000d8500000|  0%| F|  |TAMS 0x00000000d8400000| PB 0x00000000d8400000| Untracked 
| 115|0x00000000d8500000, 0x00000000d8500000, 0x00000000d8600000|  0%| F|  |TAMS 0x00000000d8500000| PB 0x00000000d8500000| Untracked 
| 116|0x00000000d8600000, 0x00000000d8600000, 0x00000000d8700000|  0%| F|  |TAMS 0x00000000d8600000| PB 0x00000000d8600000| Untracked 
| 117|0x00000000d8700000, 0x00000000d8700000, 0x00000000d8800000|  0%| F|  |TAMS 0x00000000d8700000| PB 0x00000000d8700000| Untracked 
| 118|0x00000000d8800000, 0x00000000d8800000, 0x00000000d8900000|  0%| F|  |TAMS 0x00000000d8800000| PB 0x00000000d8800000| Untracked 
| 119|0x00000000d8900000, 0x00000000d8900000, 0x00000000d8a00000|  0%| F|  |TAMS 0x00000000d8900000| PB 0x00000000d8900000| Untracked 
| 120|0x00000000d8a00000, 0x00000000d8a00000, 0x00000000d8b00000|  0%| F|  |TAMS 0x00000000d8a00000| PB 0x00000000d8a00000| Untracked 
| 121|0x00000000d8b00000, 0x00000000d8b00000, 0x00000000d8c00000|  0%| F|  |TAMS 0x00000000d8b00000| PB 0x00000000d8b00000| Untracked 
| 122|0x00000000d8c00000, 0x00000000d8c00000, 0x00000000d8d00000|  0%| F|  |TAMS 0x00000000d8c00000| PB 0x00000000d8c00000| Untracked 
| 123|0x00000000d8d00000, 0x00000000d8d00000, 0x00000000d8e00000|  0%| F|  |TAMS 0x00000000d8d00000| PB 0x00000000d8d00000| Untracked 
| 124|0x00000000d8e00000, 0x00000000d8e00000, 0x00000000d8f00000|  0%| F|  |TAMS 0x00000000d8e00000| PB 0x00000000d8e00000| Untracked 
| 125|0x00000000d8f00000, 0x00000000d8f00000, 0x00000000d9000000|  0%| F|  |TAMS 0x00000000d8f00000| PB 0x00000000d8f00000| Untracked 
| 126|0x00000000d9000000, 0x00000000d9000000, 0x00000000d9100000|  0%| F|  |TAMS 0x00000000d9000000| PB 0x00000000d9000000| Untracked 
| 127|0x00000000d9100000, 0x00000000d9100000, 0x00000000d9200000|  0%| F|  |TAMS 0x00000000d9100000| PB 0x00000000d9100000| Untracked 
| 128|0x00000000d9200000, 0x00000000d9200000, 0x00000000d9300000|  0%| F|  |TAMS 0x00000000d9200000| PB 0x00000000d9200000| Untracked 
| 129|0x00000000d9300000, 0x00000000d9300000, 0x00000000d9400000|  0%| F|  |TAMS 0x00000000d9300000| PB 0x00000000d9300000| Untracked 
| 130|0x00000000d9400000, 0x00000000d9400000, 0x00000000d9500000|  0%| F|  |TAMS 0x00000000d9400000| PB 0x00000000d9400000| Untracked 
| 131|0x00000000d9500000, 0x00000000d9500000, 0x00000000d9600000|  0%| F|  |TAMS 0x00000000d9500000| PB 0x00000000d9500000| Untracked 
| 132|0x00000000d9600000, 0x00000000d9600000, 0x00000000d9700000|  0%| F|  |TAMS 0x00000000d9600000| PB 0x00000000d9600000| Untracked 
| 133|0x00000000d9700000, 0x00000000d9700000, 0x00000000d9800000|  0%| F|  |TAMS 0x00000000d9700000| PB 0x00000000d9700000| Untracked 
| 134|0x00000000d9800000, 0x00000000d9800000, 0x00000000d9900000|  0%| F|  |TAMS 0x00000000d9800000| PB 0x00000000d9800000| Untracked 
| 135|0x00000000d9900000, 0x00000000d9900000, 0x00000000d9a00000|  0%| F|  |TAMS 0x00000000d9900000| PB 0x00000000d9900000| Untracked 
| 136|0x00000000d9a00000, 0x00000000d9a00000, 0x00000000d9b00000|  0%| F|  |TAMS 0x00000000d9a00000| PB 0x00000000d9a00000| Untracked 
| 137|0x00000000d9b00000, 0x00000000d9b00000, 0x00000000d9c00000|  0%| F|  |TAMS 0x00000000d9b00000| PB 0x00000000d9b00000| Untracked 
| 138|0x00000000d9c00000, 0x00000000d9c00000, 0x00000000d9d00000|  0%| F|  |TAMS 0x00000000d9c00000| PB 0x00000000d9c00000| Untracked 
| 139|0x00000000d9d00000, 0x00000000d9d00000, 0x00000000d9e00000|  0%| F|  |TAMS 0x00000000d9d00000| PB 0x00000000d9d00000| Untracked 
| 140|0x00000000d9e00000, 0x00000000d9e00000, 0x00000000d9f00000|  0%| F|  |TAMS 0x00000000d9e00000| PB 0x00000000d9e00000| Untracked 
| 141|0x00000000d9f00000, 0x00000000d9f00000, 0x00000000da000000|  0%| F|  |TAMS 0x00000000d9f00000| PB 0x00000000d9f00000| Untracked 
| 142|0x00000000da000000, 0x00000000da000000, 0x00000000da100000|  0%| F|  |TAMS 0x00000000da000000| PB 0x00000000da000000| Untracked 
| 143|0x00000000da100000, 0x00000000da100000, 0x00000000da200000|  0%| F|  |TAMS 0x00000000da100000| PB 0x00000000da100000| Untracked 
| 144|0x00000000da200000, 0x00000000da200000, 0x00000000da300000|  0%| F|  |TAMS 0x00000000da200000| PB 0x00000000da200000| Untracked 
| 145|0x00000000da300000, 0x00000000da300000, 0x00000000da400000|  0%| F|  |TAMS 0x00000000da300000| PB 0x00000000da300000| Untracked 
| 146|0x00000000da400000, 0x00000000da400000, 0x00000000da500000|  0%| F|  |TAMS 0x00000000da400000| PB 0x00000000da400000| Untracked 
| 147|0x00000000da500000, 0x00000000da500000, 0x00000000da600000|  0%| F|  |TAMS 0x00000000da500000| PB 0x00000000da500000| Untracked 
| 148|0x00000000da600000, 0x00000000da600000, 0x00000000da700000|  0%| F|  |TAMS 0x00000000da600000| PB 0x00000000da600000| Untracked 
| 149|0x00000000da700000, 0x00000000da700000, 0x00000000da800000|  0%| F|  |TAMS 0x00000000da700000| PB 0x00000000da700000| Untracked 
| 150|0x00000000da800000, 0x00000000da800000, 0x00000000da900000|  0%| F|  |TAMS 0x00000000da800000| PB 0x00000000da800000| Untracked 
| 151|0x00000000da900000, 0x00000000da900000, 0x00000000daa00000|  0%| F|  |TAMS 0x00000000da900000| PB 0x00000000da900000| Untracked 
| 152|0x00000000daa00000, 0x00000000daa00000, 0x00000000dab00000|  0%| F|  |TAMS 0x00000000daa00000| PB 0x00000000daa00000| Untracked 
| 153|0x00000000dab00000, 0x00000000dab00000, 0x00000000dac00000|  0%| F|  |TAMS 0x00000000dab00000| PB 0x00000000dab00000| Untracked 
| 154|0x00000000dac00000, 0x00000000dac00000, 0x00000000dad00000|  0%| F|  |TAMS 0x00000000dac00000| PB 0x00000000dac00000| Untracked 
| 155|0x00000000dad00000, 0x00000000dad00000, 0x00000000dae00000|  0%| F|  |TAMS 0x00000000dad00000| PB 0x00000000dad00000| Untracked 
| 156|0x00000000dae00000, 0x00000000dae00000, 0x00000000daf00000|  0%| F|  |TAMS 0x00000000dae00000| PB 0x00000000dae00000| Untracked 
| 157|0x00000000daf00000, 0x00000000daf00000, 0x00000000db000000|  0%| F|  |TAMS 0x00000000daf00000| PB 0x00000000daf00000| Untracked 
| 158|0x00000000db000000, 0x00000000db000000, 0x00000000db100000|  0%| F|  |TAMS 0x00000000db000000| PB 0x00000000db000000| Untracked 
| 159|0x00000000db100000, 0x00000000db100000, 0x00000000db200000|  0%| F|  |TAMS 0x00000000db100000| PB 0x00000000db100000| Untracked 
| 160|0x00000000db200000, 0x00000000db200000, 0x00000000db300000|  0%| F|  |TAMS 0x00000000db200000| PB 0x00000000db200000| Untracked 
| 161|0x00000000db300000, 0x00000000db300000, 0x00000000db400000|  0%| F|  |TAMS 0x00000000db300000| PB 0x00000000db300000| Untracked 
| 162|0x00000000db400000, 0x00000000db400000, 0x00000000db500000|  0%| F|  |TAMS 0x00000000db400000| PB 0x00000000db400000| Untracked 
| 163|0x00000000db500000, 0x00000000db500000, 0x00000000db600000|  0%| F|  |TAMS 0x00000000db500000| PB 0x00000000db500000| Untracked 
| 164|0x00000000db600000, 0x00000000db600000, 0x00000000db700000|  0%| F|  |TAMS 0x00000000db600000| PB 0x00000000db600000| Untracked 
| 165|0x00000000db700000, 0x00000000db700000, 0x00000000db800000|  0%| F|  |TAMS 0x00000000db700000| PB 0x00000000db700000| Untracked 
| 166|0x00000000db800000, 0x00000000db800000, 0x00000000db900000|  0%| F|  |TAMS 0x00000000db800000| PB 0x00000000db800000| Untracked 
| 167|0x00000000db900000, 0x00000000db900000, 0x00000000dba00000|  0%| F|  |TAMS 0x00000000db900000| PB 0x00000000db900000| Untracked 
| 168|0x00000000dba00000, 0x00000000dba00000, 0x00000000dbb00000|  0%| F|  |TAMS 0x00000000dba00000| PB 0x00000000dba00000| Untracked 
| 169|0x00000000dbb00000, 0x00000000dbb00000, 0x00000000dbc00000|  0%| F|  |TAMS 0x00000000dbb00000| PB 0x00000000dbb00000| Untracked 
| 170|0x00000000dbc00000, 0x00000000dbc00000, 0x00000000dbd00000|  0%| F|  |TAMS 0x00000000dbc00000| PB 0x00000000dbc00000| Untracked 
| 171|0x00000000dbd00000, 0x00000000dbd00000, 0x00000000dbe00000|  0%| F|  |TAMS 0x00000000dbd00000| PB 0x00000000dbd00000| Untracked 
| 172|0x00000000dbe00000, 0x00000000dbe00000, 0x00000000dbf00000|  0%| F|  |TAMS 0x00000000dbe00000| PB 0x00000000dbe00000| Untracked 
| 173|0x00000000dbf00000, 0x00000000dbf00000, 0x00000000dc000000|  0%| F|  |TAMS 0x00000000dbf00000| PB 0x00000000dbf00000| Untracked 
| 174|0x00000000dc000000, 0x00000000dc000000, 0x00000000dc100000|  0%| F|  |TAMS 0x00000000dc000000| PB 0x00000000dc000000| Untracked 
| 175|0x00000000dc100000, 0x00000000dc100000, 0x00000000dc200000|  0%| F|  |TAMS 0x00000000dc100000| PB 0x00000000dc100000| Untracked 
| 176|0x00000000dc200000, 0x00000000dc200000, 0x00000000dc300000|  0%| F|  |TAMS 0x00000000dc200000| PB 0x00000000dc200000| Untracked 
| 177|0x00000000dc300000, 0x00000000dc300000, 0x00000000dc400000|  0%| F|  |TAMS 0x00000000dc300000| PB 0x00000000dc300000| Untracked 
| 178|0x00000000dc400000, 0x00000000dc400000, 0x00000000dc500000|  0%| F|  |TAMS 0x00000000dc400000| PB 0x00000000dc400000| Untracked 
| 179|0x00000000dc500000, 0x00000000dc500000, 0x00000000dc600000|  0%| F|  |TAMS 0x00000000dc500000| PB 0x00000000dc500000| Untracked 
| 180|0x00000000dc600000, 0x00000000dc600000, 0x00000000dc700000|  0%| F|  |TAMS 0x00000000dc600000| PB 0x00000000dc600000| Untracked 
| 181|0x00000000dc700000, 0x00000000dc700000, 0x00000000dc800000|  0%| F|  |TAMS 0x00000000dc700000| PB 0x00000000dc700000| Untracked 
| 182|0x00000000dc800000, 0x00000000dc800000, 0x00000000dc900000|  0%| F|  |TAMS 0x00000000dc800000| PB 0x00000000dc800000| Untracked 
| 183|0x00000000dc900000, 0x00000000dc900000, 0x00000000dca00000|  0%| F|  |TAMS 0x00000000dc900000| PB 0x00000000dc900000| Untracked 
| 184|0x00000000dca00000, 0x00000000dca00000, 0x00000000dcb00000|  0%| F|  |TAMS 0x00000000dca00000| PB 0x00000000dca00000| Untracked 
| 185|0x00000000dcb00000, 0x00000000dcb00000, 0x00000000dcc00000|  0%| F|  |TAMS 0x00000000dcb00000| PB 0x00000000dcb00000| Untracked 
| 186|0x00000000dcc00000, 0x00000000dcc00000, 0x00000000dcd00000|  0%| F|  |TAMS 0x00000000dcc00000| PB 0x00000000dcc00000| Untracked 
| 187|0x00000000dcd00000, 0x00000000dcd00000, 0x00000000dce00000|  0%| F|  |TAMS 0x00000000dcd00000| PB 0x00000000dcd00000| Untracked 
| 188|0x00000000dce00000, 0x00000000dce00000, 0x00000000dcf00000|  0%| F|  |TAMS 0x00000000dce00000| PB 0x00000000dce00000| Untracked 
| 189|0x00000000dcf00000, 0x00000000dcf00000, 0x00000000dd000000|  0%| F|  |TAMS 0x00000000dcf00000| PB 0x00000000dcf00000| Untracked 
| 190|0x00000000dd000000, 0x00000000dd000000, 0x00000000dd100000|  0%| F|  |TAMS 0x00000000dd000000| PB 0x00000000dd000000| Untracked 
| 191|0x00000000dd100000, 0x00000000dd100000, 0x00000000dd200000|  0%| F|  |TAMS 0x00000000dd100000| PB 0x00000000dd100000| Untracked 
| 192|0x00000000dd200000, 0x00000000dd200000, 0x00000000dd300000|  0%| F|  |TAMS 0x00000000dd200000| PB 0x00000000dd200000| Untracked 
| 193|0x00000000dd300000, 0x00000000dd300000, 0x00000000dd400000|  0%| F|  |TAMS 0x00000000dd300000| PB 0x00000000dd300000| Untracked 
| 194|0x00000000dd400000, 0x00000000dd400000, 0x00000000dd500000|  0%| F|  |TAMS 0x00000000dd400000| PB 0x00000000dd400000| Untracked 
| 195|0x00000000dd500000, 0x00000000dd500000, 0x00000000dd600000|  0%| F|  |TAMS 0x00000000dd500000| PB 0x00000000dd500000| Untracked 
| 196|0x00000000dd600000, 0x00000000dd600000, 0x00000000dd700000|  0%| F|  |TAMS 0x00000000dd600000| PB 0x00000000dd600000| Untracked 
| 197|0x00000000dd700000, 0x00000000dd700000, 0x00000000dd800000|  0%| F|  |TAMS 0x00000000dd700000| PB 0x00000000dd700000| Untracked 
| 198|0x00000000dd800000, 0x00000000dd800000, 0x00000000dd900000|  0%| F|  |TAMS 0x00000000dd800000| PB 0x00000000dd800000| Untracked 
| 199|0x00000000dd900000, 0x00000000dd900000, 0x00000000dda00000|  0%| F|  |TAMS 0x00000000dd900000| PB 0x00000000dd900000| Untracked 
| 200|0x00000000dda00000, 0x00000000dda00000, 0x00000000ddb00000|  0%| F|  |TAMS 0x00000000dda00000| PB 0x00000000dda00000| Untracked 
| 201|0x00000000ddb00000, 0x00000000ddb00000, 0x00000000ddc00000|  0%| F|  |TAMS 0x00000000ddb00000| PB 0x00000000ddb00000| Untracked 
| 202|0x00000000ddc00000, 0x00000000ddc00000, 0x00000000ddd00000|  0%| F|  |TAMS 0x00000000ddc00000| PB 0x00000000ddc00000| Untracked 
| 203|0x00000000ddd00000, 0x00000000ddd00000, 0x00000000dde00000|  0%| F|  |TAMS 0x00000000ddd00000| PB 0x00000000ddd00000| Untracked 
| 204|0x00000000dde00000, 0x00000000dde00000, 0x00000000ddf00000|  0%| F|  |TAMS 0x00000000dde00000| PB 0x00000000dde00000| Untracked 
| 205|0x00000000ddf00000, 0x00000000ddf00000, 0x00000000de000000|  0%| F|  |TAMS 0x00000000ddf00000| PB 0x00000000ddf00000| Untracked 
| 206|0x00000000de000000, 0x00000000de000000, 0x00000000de100000|  0%| F|  |TAMS 0x00000000de000000| PB 0x00000000de000000| Untracked 
| 207|0x00000000de100000, 0x00000000de100000, 0x00000000de200000|  0%| F|  |TAMS 0x00000000de100000| PB 0x00000000de100000| Untracked 
| 208|0x00000000de200000, 0x00000000de200000, 0x00000000de300000|  0%| F|  |TAMS 0x00000000de200000| PB 0x00000000de200000| Untracked 
| 209|0x00000000de300000, 0x00000000de300000, 0x00000000de400000|  0%| F|  |TAMS 0x00000000de300000| PB 0x00000000de300000| Untracked 
| 210|0x00000000de400000, 0x00000000de400000, 0x00000000de500000|  0%| F|  |TAMS 0x00000000de400000| PB 0x00000000de400000| Untracked 
| 211|0x00000000de500000, 0x00000000de500000, 0x00000000de600000|  0%| F|  |TAMS 0x00000000de500000| PB 0x00000000de500000| Untracked 
| 212|0x00000000de600000, 0x00000000de600000, 0x00000000de700000|  0%| F|  |TAMS 0x00000000de600000| PB 0x00000000de600000| Untracked 
| 213|0x00000000de700000, 0x00000000de700000, 0x00000000de800000|  0%| F|  |TAMS 0x00000000de700000| PB 0x00000000de700000| Untracked 
| 214|0x00000000de800000, 0x00000000de800000, 0x00000000de900000|  0%| F|  |TAMS 0x00000000de800000| PB 0x00000000de800000| Untracked 
| 215|0x00000000de900000, 0x00000000de900000, 0x00000000dea00000|  0%| F|  |TAMS 0x00000000de900000| PB 0x00000000de900000| Untracked 
| 216|0x00000000dea00000, 0x00000000dea00000, 0x00000000deb00000|  0%| F|  |TAMS 0x00000000dea00000| PB 0x00000000dea00000| Untracked 
| 217|0x00000000deb00000, 0x00000000deb00000, 0x00000000dec00000|  0%| F|  |TAMS 0x00000000deb00000| PB 0x00000000deb00000| Untracked 
| 218|0x00000000dec00000, 0x00000000dec00000, 0x00000000ded00000|  0%| F|  |TAMS 0x00000000dec00000| PB 0x00000000dec00000| Untracked 
| 219|0x00000000ded00000, 0x00000000ded00000, 0x00000000dee00000|  0%| F|  |TAMS 0x00000000ded00000| PB 0x00000000ded00000| Untracked 
| 220|0x00000000dee00000, 0x00000000dee00000, 0x00000000def00000|  0%| F|  |TAMS 0x00000000dee00000| PB 0x00000000dee00000| Untracked 
| 221|0x00000000def00000, 0x00000000def00000, 0x00000000df000000|  0%| F|  |TAMS 0x00000000def00000| PB 0x00000000def00000| Untracked 
| 222|0x00000000df000000, 0x00000000df000000, 0x00000000df100000|  0%| F|  |TAMS 0x00000000df000000| PB 0x00000000df000000| Untracked 
| 223|0x00000000df100000, 0x00000000df100000, 0x00000000df200000|  0%| F|  |TAMS 0x00000000df100000| PB 0x00000000df100000| Untracked 
| 224|0x00000000df200000, 0x00000000df200000, 0x00000000df300000|  0%| F|  |TAMS 0x00000000df200000| PB 0x00000000df200000| Untracked 
| 225|0x00000000df300000, 0x00000000df300000, 0x00000000df400000|  0%| F|  |TAMS 0x00000000df300000| PB 0x00000000df300000| Untracked 
| 226|0x00000000df400000, 0x00000000df400000, 0x00000000df500000|  0%| F|  |TAMS 0x00000000df400000| PB 0x00000000df400000| Untracked 
| 227|0x00000000df500000, 0x00000000df500000, 0x00000000df600000|  0%| F|  |TAMS 0x00000000df500000| PB 0x00000000df500000| Untracked 
| 228|0x00000000df600000, 0x00000000df600000, 0x00000000df700000|  0%| F|  |TAMS 0x00000000df600000| PB 0x00000000df600000| Untracked 
| 229|0x00000000df700000, 0x00000000df700000, 0x00000000df800000|  0%| F|  |TAMS 0x00000000df700000| PB 0x00000000df700000| Untracked 
| 230|0x00000000df800000, 0x00000000df900000, 0x00000000df900000|100%| S|CS|TAMS 0x00000000df800000| PB 0x00000000df800000| Complete 
| 231|0x00000000df900000, 0x00000000dfa00000, 0x00000000dfa00000|100%| S|CS|TAMS 0x00000000df900000| PB 0x00000000df900000| Complete 
| 232|0x00000000dfa00000, 0x00000000dfb00000, 0x00000000dfb00000|100%| S|CS|TAMS 0x00000000dfa00000| PB 0x00000000dfa00000| Complete 
| 233|0x00000000dfb00000, 0x00000000dfb00000, 0x00000000dfc00000|  0%| F|  |TAMS 0x00000000dfb00000| PB 0x00000000dfb00000| Untracked 
| 234|0x00000000dfc00000, 0x00000000dfc00000, 0x00000000dfd00000|  0%| F|  |TAMS 0x00000000dfc00000| PB 0x00000000dfc00000| Untracked 
| 235|0x00000000dfd00000, 0x00000000dfd00000, 0x00000000dfe00000|  0%| F|  |TAMS 0x00000000dfd00000| PB 0x00000000dfd00000| Untracked 
| 236|0x00000000dfe00000, 0x00000000dfe00000, 0x00000000dff00000|  0%| F|  |TAMS 0x00000000dfe00000| PB 0x00000000dfe00000| Untracked 
| 237|0x00000000dff00000, 0x00000000dff00000, 0x00000000e0000000|  0%| F|  |TAMS 0x00000000dff00000| PB 0x00000000dff00000| Untracked 
| 238|0x00000000e0000000, 0x00000000e0000000, 0x00000000e0100000|  0%| F|  |TAMS 0x00000000e0000000| PB 0x00000000e0000000| Untracked 
| 239|0x00000000e0100000, 0x00000000e0100000, 0x00000000e0200000|  0%| F|  |TAMS 0x00000000e0100000| PB 0x00000000e0100000| Untracked 
| 240|0x00000000e0200000, 0x00000000e0200000, 0x00000000e0300000|  0%| F|  |TAMS 0x00000000e0200000| PB 0x00000000e0200000| Untracked 
| 241|0x00000000e0300000, 0x00000000e0300000, 0x00000000e0400000|  0%| F|  |TAMS 0x00000000e0300000| PB 0x00000000e0300000| Untracked 
| 242|0x00000000e0400000, 0x00000000e0400000, 0x00000000e0500000|  0%| F|  |TAMS 0x00000000e0400000| PB 0x00000000e0400000| Untracked 
| 243|0x00000000e0500000, 0x00000000e0500000, 0x00000000e0600000|  0%| F|  |TAMS 0x00000000e0500000| PB 0x00000000e0500000| Untracked 
| 244|0x00000000e0600000, 0x00000000e0600000, 0x00000000e0700000|  0%| F|  |TAMS 0x00000000e0600000| PB 0x00000000e0600000| Untracked 
| 245|0x00000000e0700000, 0x00000000e0700000, 0x00000000e0800000|  0%| F|  |TAMS 0x00000000e0700000| PB 0x00000000e0700000| Untracked 
| 246|0x00000000e0800000, 0x00000000e0800000, 0x00000000e0900000|  0%| F|  |TAMS 0x00000000e0800000| PB 0x00000000e0800000| Untracked 
| 247|0x00000000e0900000, 0x00000000e0900000, 0x00000000e0a00000|  0%| F|  |TAMS 0x00000000e0900000| PB 0x00000000e0900000| Untracked 
| 248|0x00000000e0a00000, 0x00000000e0a00000, 0x00000000e0b00000|  0%| F|  |TAMS 0x00000000e0a00000| PB 0x00000000e0a00000| Untracked 
| 249|0x00000000e0b00000, 0x00000000e0b00000, 0x00000000e0c00000|  0%| F|  |TAMS 0x00000000e0b00000| PB 0x00000000e0b00000| Untracked 
| 250|0x00000000e0c00000, 0x00000000e0c00000, 0x00000000e0d00000|  0%| F|  |TAMS 0x00000000e0c00000| PB 0x00000000e0c00000| Untracked 
| 251|0x00000000e0d00000, 0x00000000e0d00000, 0x00000000e0e00000|  0%| F|  |TAMS 0x00000000e0d00000| PB 0x00000000e0d00000| Untracked 
| 252|0x00000000e0e00000, 0x00000000e0e00000, 0x00000000e0f00000|  0%| F|  |TAMS 0x00000000e0e00000| PB 0x00000000e0e00000| Untracked 
| 253|0x00000000e0f00000, 0x00000000e0f6c0e0, 0x00000000e1000000| 42%| E|  |TAMS 0x00000000e0f00000| PB 0x00000000e0f00000| Complete 
| 254|0x00000000e1000000, 0x00000000e1100000, 0x00000000e1100000|100%| E|CS|TAMS 0x00000000e1000000| PB 0x00000000e1000000| Complete 
| 255|0x00000000e1100000, 0x00000000e1200000, 0x00000000e1200000|100%| E|CS|TAMS 0x00000000e1100000| PB 0x00000000e1100000| Complete 

Card table byte_map: [0x000001deb1c50000,0x000001deb1dd0000] _byte_map_base: 0x000001deb15c7000

Marking Bits: (CMBitMap*) 0x000001de9e1eff70
 Bits: [0x000001deb1dd0000, 0x000001deb2988000)

Polling page: 0x000001de9c1f0000

Metaspace:

Usage:
  Non-class:      3.66 MB used.
      Class:    587.39 KB used.
       Both:      4.24 MB used.

Virtual space:
  Non-class space:       64.00 MB reserved,       3.81 MB (  6%) committed,  1 nodes.
      Class space:        1.00 GB reserved,     768.00 KB ( <1%) committed,  1 nodes.
             Both:        1.06 GB reserved,       4.56 MB ( <1%) committed. 

Chunk freelists:
   Non-Class:  10.31 MB
       Class:  15.28 MB
        Both:  25.59 MB

MaxMetaspaceSize: unlimited
CompressedClassSpaceSize: 1.00 GB
Initial GC threshold: 21.00 MB
Current GC threshold: 21.00 MB
CDS: on
 - commit_granule_bytes: 65536.
 - commit_granule_words: 8192.
 - virtual_space_node_default_size: 8388608.
 - enlarge_chunks_in_place: 1.
 - use_allocation_guard: 0.


Internal statistics:

num_allocs_failed_limit: 0.
num_arena_births: 376.
num_arena_deaths: 0.
num_vsnodes_births: 2.
num_vsnodes_deaths: 0.
num_space_committed: 73.
num_space_uncommitted: 0.
num_chunks_returned_to_freelist: 0.
num_chunks_taken_from_freelist: 539.
num_chunk_merges: 0.
num_chunk_splits: 327.
num_chunks_enlarged: 135.
num_inconsistent_stats: 0.

CodeHeap 'non-profiled nmethods': size=119168Kb used=539Kb max_used=539Kb free=118628Kb
 bounds [0x000001dea9dd0000, 0x000001deaa040000, 0x000001deb1230000]
CodeHeap 'profiled nmethods': size=119104Kb used=2801Kb max_used=2801Kb free=116302Kb
 bounds [0x000001dea2230000, 0x000001dea24f0000, 0x000001dea9680000]
CodeHeap 'non-nmethods': size=7488Kb used=3025Kb max_used=3047Kb free=4462Kb
 bounds [0x000001dea9680000, 0x000001dea9980000, 0x000001dea9dd0000]
CodeCache: size=245760Kb, used=6365Kb, max_used=6387Kb, free=239392Kb
 total_blobs=2068, nmethods=1564, adapters=406, full_count=0
Compilation: enabled, stopped_count=0, restarted_count=0

Compilation events (20 events):
Event: 0.568 Thread 0x000001deb5ba3950 1468       3       java.util.Hashtable::addEntry (87 bytes)
Event: 0.568 Thread 0x000001defc2abf70 1469       3       java.util.Hashtable$Entry::<init> (26 bytes)
Event: 0.568 Thread 0x000001defc2abf70 nmethod 1469 0x000001dea24b2410 code [0x000001dea24b25c0, 0x000001dea24b2840]
Event: 0.568 Thread 0x000001deb5c9b610 nmethod 1457% 0x000001dea9e4e990 code [0x000001dea9e4eb40, 0x000001dea9e4f408]
Event: 0.568 Thread 0x000001defc2abf70 1470       3       sun.security.util.SignatureFileVerifier::updateSigners (132 bytes)
Event: 0.568 Thread 0x000001deb5ac8b50 nmethod 1466 0x000001dea24b2910 code [0x000001dea24b2b00, 0x000001dea24b3050]
Event: 0.568 Thread 0x000001deb5ba3950 nmethod 1468 0x000001dea24b3210 code [0x000001dea24b3400, 0x000001dea24b3b48]
Event: 0.568 Thread 0x000001defc2f4f40 nmethod 1467 0x000001dea24b3d90 code [0x000001dea24b3fa0, 0x000001dea24b46b0]
Event: 0.568 Thread 0x000001deb5ac8b50 1471       3       sun.security.util.SignatureFileVerifier::matches (89 bytes)
Event: 0.569 Thread 0x000001defc2abf70 nmethod 1470 0x000001dea24b4910 code [0x000001dea24b4bc0, 0x000001dea24b5ac0]
Event: 0.569 Thread 0x000001deb5ac8b50 nmethod 1471 0x000001dea24b6090 code [0x000001dea24b6340, 0x000001dea24b7190]
Event: 0.569 Thread 0x000001deb5c9b610 1472       4       java.util.HashMap::putVal (300 bytes)
Event: 0.569 Thread 0x000001deb5c9bcc0 1473       4       java.util.HashMap::put (13 bytes)
Event: 0.569 Thread 0x000001defc2abf70 1474       1       java.security.Provider$Service::getProvider (5 bytes)
Event: 0.569 Thread 0x000001defc2abf70 nmethod 1474 0x000001dea9e4f690 code [0x000001dea9e4f820, 0x000001dea9e4f8e8]
Event: 0.569 Thread 0x000001defc2f4f40 1475       1       java.security.Provider$UString::toString (5 bytes)
Event: 0.569 Thread 0x000001defc2f4f40 nmethod 1475 0x000001dea9e4f990 code [0x000001dea9e4fb20, 0x000001dea9e4fbe8]
Event: 0.570 Thread 0x000001defc2f4f40 1476       1       java.security.Provider$Service::getClassName (5 bytes)
Event: 0.570 Thread 0x000001defc2f4f40 nmethod 1476 0x000001dea9e4fc90 code [0x000001dea9e4fe20, 0x000001dea9e4fee8]
Event: 0.570 Thread 0x000001deb5ac5760 1477       4       sun.security.provider.SHA2::implCompress0 (448 bytes)

GC Heap History (2 events):
Event: 0.542 GC heap before
{Heap before GC invocations=0 (full 0):
 garbage-first heap   total 262144K, used 24576K [0x00000000d1200000, 0x0000000100000000)
  region size 1024K, 23 young (23552K), 0 survivors (0K)
 Metaspace       used 4015K, committed 4352K, reserved 1114112K
  class space    used 561K, committed 704K, reserved 1048576K
}
Event: 0.547 GC heap after
{Heap after GC invocations=1 (full 0):
 garbage-first heap   total 262144K, used 7653K [0x00000000d1200000, 0x0000000100000000)
  region size 1024K, 3 young (3072K), 3 survivors (3072K)
 Metaspace       used 4015K, committed 4352K, reserved 1114112K
  class space    used 561K, committed 704K, reserved 1048576K
}

Dll operation events (2 events):
Event: 0.010 Loaded shared library C:\Program Files\JetBrains\DataGrip 2025.3.5\jbr\bin\java.dll
Event: 0.082 Loaded shared library C:\Program Files\JetBrains\DataGrip 2025.3.5\jbr\bin\zip.dll

Deoptimization events (20 events):
Event: 0.557 Thread 0x000001defc57b2d0 Uncommon trap: trap_request=0xffffffde fr.pc=0x000001dea9e4c4f0 relative=0x0000000000000bf0
Event: 0.557 Thread 0x000001defc57b2d0 Uncommon trap: reason=class_check action=maybe_recompile pc=0x000001dea9e4c4f0 method=java.util.HashMap.putVal(ILjava/lang/Object;Ljava/lang/Object;ZZ)Ljava/lang/Object; @ 91 c2
Event: 0.557 Thread 0x000001defc57b2d0 DEOPT PACKING pc=0x000001dea9e4c4f0 sp=0x000000746bafd270
Event: 0.557 Thread 0x000001defc57b2d0 DEOPT UNPACKING pc=0x000001dea96d4422 sp=0x000000746bafd230 mode 2
Event: 0.557 Thread 0x000001defc57b2d0 Uncommon trap: trap_request=0xffffffde fr.pc=0x000001dea9e4c4f0 relative=0x0000000000000bf0
Event: 0.557 Thread 0x000001defc57b2d0 Uncommon trap: reason=class_check action=maybe_recompile pc=0x000001dea9e4c4f0 method=java.util.HashMap.putVal(ILjava/lang/Object;Ljava/lang/Object;ZZ)Ljava/lang/Object; @ 91 c2
Event: 0.557 Thread 0x000001defc57b2d0 DEOPT PACKING pc=0x000001dea9e4c4f0 sp=0x000000746bafd270
Event: 0.557 Thread 0x000001defc57b2d0 DEOPT UNPACKING pc=0x000001dea96d4422 sp=0x000000746bafd230 mode 2
Event: 0.561 Thread 0x000001defc57b2d0 Uncommon trap: trap_request=0xffffff6e fr.pc=0x000001dea9e4d30c relative=0x000000000000026c
Event: 0.561 Thread 0x000001defc57b2d0 Uncommon trap: reason=loop_limit_check action=maybe_recompile pc=0x000001dea9e4d30c method=java.math.BigInteger.implMulAdd([I[IIII)I @ 26 c2
Event: 0.561 Thread 0x000001defc57b2d0 DEOPT PACKING pc=0x000001dea9e4d30c sp=0x000000746bafcc50
Event: 0.561 Thread 0x000001defc57b2d0 DEOPT UNPACKING pc=0x000001dea96d4422 sp=0x000000746bafcba0 mode 2
Event: 0.566 Thread 0x000001defc57b2d0 Uncommon trap: trap_request=0xffffffde fr.pc=0x000001dea9e4c4f0 relative=0x0000000000000bf0
Event: 0.566 Thread 0x000001defc57b2d0 Uncommon trap: reason=class_check action=maybe_recompile pc=0x000001dea9e4c4f0 method=java.util.HashMap.putVal(ILjava/lang/Object;Ljava/lang/Object;ZZ)Ljava/lang/Object; @ 91 c2
Event: 0.566 Thread 0x000001defc57b2d0 DEOPT PACKING pc=0x000001dea9e4c4f0 sp=0x000000746bafd190
Event: 0.566 Thread 0x000001defc57b2d0 DEOPT UNPACKING pc=0x000001dea96d4422 sp=0x000000746bafd150 mode 2
Event: 0.570 Thread 0x000001defc57b2d0 DEOPT PACKING pc=0x000001dea24aeeb7 sp=0x000000746bafd410
Event: 0.570 Thread 0x000001defc57b2d0 DEOPT UNPACKING pc=0x000001dea96d4bc2 sp=0x000000746bafc888 mode 0
Event: 0.571 Thread 0x000001defc57b2d0 DEOPT PACKING pc=0x000001dea24aeeb7 sp=0x000000746bafd410
Event: 0.571 Thread 0x000001defc57b2d0 DEOPT UNPACKING pc=0x000001dea96d4bc2 sp=0x000000746bafc888 mode 0

Classes loaded (20 events):
Event: 0.519 Loading class sun/security/util/ManifestDigester$Section
Event: 0.520 Loading class sun/security/util/ManifestDigester$Section done
Event: 0.529 Loading class jdk/internal/event/X509CertificateEvent
Event: 0.529 Loading class jdk/internal/event/X509CertificateEvent done
Event: 0.537 Loading class sun/security/pkcs/PKCS9Attributes
Event: 0.537 Loading class sun/security/pkcs/PKCS9Attributes done
Event: 0.540 Loading class sun/security/pkcs/SigningCertificateInfo
Event: 0.540 Loading class sun/security/pkcs/SigningCertificateInfo done
Event: 0.540 Loading class sun/security/pkcs/SigningCertificateInfo$ESSCertId
Event: 0.540 Loading class sun/security/pkcs/SigningCertificateInfo$ESSCertId done
Event: 0.541 Loading class sun/security/pkcs/SignerInfo$AlgorithmInfo
Event: 0.541 Loading class sun/security/pkcs/SignerInfo$AlgorithmInfo done
Event: 0.556 Loading class sun/security/timestamp/TimestampToken
Event: 0.556 Loading class sun/security/timestamp/TimestampToken done
Event: 0.565 Loading class sun/security/util/JarConstraintsParameters
Event: 0.565 Loading class sun/security/util/JarConstraintsParameters done
Event: 0.568 Loading class java/util/jar/JarVerifier$VerifierStream
Event: 0.568 Loading class java/util/jar/JarVerifier$VerifierStream done
Event: 0.569 Loading class sun/security/util/ManifestEntryVerifier$SunProviderHolder
Event: 0.569 Loading class sun/security/util/ManifestEntryVerifier$SunProviderHolder done

Classes unloaded (0 events):
No events

Classes redefined (0 events):
No events

Internal exceptions (20 events):
Event: 0.317 Thread 0x000001de9be38d50 Exception <a 'java/lang/IncompatibleClassChangeError'{0x00000000e051a060}: Found class java.lang.Object, but interface was expected> (0x00000000e051a060) 
thrown [s\src\hotspot\share\interpreter\linkResolver.cpp, line 851]
Event: 0.317 Thread 0x000001de9be38d50 Exception <a 'java/lang/IncompatibleClassChangeError'{0x00000000e051bda0}: Found class java.lang.Object, but interface was expected> (0x00000000e051bda0) 
thrown [s\src\hotspot\share\interpreter\linkResolver.cpp, line 851]
Event: 0.369 Thread 0x000001de9be38d50 Exception <a 'java/lang/NoSuchMethodError'{0x00000000e04ffa70}: 'java.lang.Object java.lang.invoke.DirectMethodHandle$Holder.invokeStaticInit(java.lang.Object, java.lang.Object, int, int, int, int)'> (0x00000000e04ffa70) 
thrown [s\src\hotspot\share\interpreter\linkResolver.cpp, line 784]
Event: 0.428 Thread 0x000001de9be38d50 Exception <a 'java/lang/NoSuchMethodError'{0x00000000e01ea0b0}: 'java.lang.Object java.lang.invoke.Invokers$Holder.linkToTargetMethod(java.lang.Object, long, java.lang.Object)'> (0x00000000e01ea0b0) 
thrown [s\src\hotspot\share\interpreter\linkResolver.cpp, line 784]
Event: 0.454 Thread 0x000001deb5ab8610 Exception <a 'java/lang/NoSuchMethodError'{0x00000000e00b6688}: 'long java.lang.invoke.DirectMethodHandle$Holder.invokeSpecial(java.lang.Object, java.lang.Object)'> (0x00000000e00b6688) 
thrown [s\src\hotspot\share\interpreter\linkResolver.cpp, line 784]
Event: 0.454 Thread 0x000001deb5ab8ca0 Exception <a 'java/lang/NoSuchMethodError'{0x00000000dff251c8}: 'long java.lang.invoke.DirectMethodHandle$Holder.invokeSpecial(java.lang.Object, java.lang.Object)'> (0x00000000dff251c8) 
thrown [s\src\hotspot\share\interpreter\linkResolver.cpp, line 784]
Event: 0.454 Thread 0x000001deb5ab8610 Exception <a 'java/lang/NoSuchMethodError'{0x00000000e00b9a70}: 'long java.lang.invoke.Invokers$Holder.invokeExact_MT(java.lang.Object, java.lang.Object)'> (0x00000000e00b9a70) 
thrown [s\src\hotspot\share\interpreter\linkResolver.cpp, line 784]
Event: 0.454 Thread 0x000001deb5ab8ca0 Exception <a 'java/lang/NoSuchMethodError'{0x00000000dff28400}: 'long java.lang.invoke.Invokers$Holder.invokeExact_MT(java.lang.Object, java.lang.Object)'> (0x00000000dff28400) 
thrown [s\src\hotspot\share\interpreter\linkResolver.cpp, line 784]
Event: 0.464 Thread 0x000001deb5ab8ca0 Exception <a 'java/lang/NoSuchMethodError'{0x00000000dff51b70}: 'void java.lang.invoke.DirectMethodHandle$Holder.invokeSpecial(java.lang.Object, java.lang.Object, java.lang.Object)'> (0x00000000dff51b70) 
thrown [s\src\hotspot\share\interpreter\linkResolver.cpp, line 784]
Event: 0.464 Thread 0x000001deb5ab8610 Exception <a 'java/lang/NoSuchMethodError'{0x00000000e00e5f28}: 'void java.lang.invoke.DirectMethodHandle$Holder.invokeSpecial(java.lang.Object, java.lang.Object, java.lang.Object)'> (0x00000000e00e5f28) 
thrown [s\src\hotspot\share\interpreter\linkResolver.cpp, line 784]
Event: 0.479 Thread 0x000001defc57b2d0 Exception <a 'java/lang/NoSuchMethodError'{0x00000000dfe9a510}: static [B.<clinit>()V> (0x00000000dfe9a510) 
thrown [s\src\hotspot\share\prims\jni.cpp, line 1144]
Event: 0.479 Thread 0x000001defc57c680 Exception <a 'java/lang/NoSuchMethodError'{0x00000000dfe24a18}: static [B.<clinit>()V> (0x00000000dfe24a18) 
thrown [s\src\hotspot\share\prims\jni.cpp, line 1144]
Event: 0.481 Thread 0x000001defc57b2d0 Exception <a 'java/lang/NoSuchMethodError'{0x00000000dfe9bff0}: 'long java.lang.invoke.DirectMethodHandle$Holder.invokeInterface(java.lang.Object, java.lang.Object)'> (0x00000000dfe9bff0) 
thrown [s\src\hotspot\share\interpreter\linkResolver.cpp, line 784]
Event: 0.481 Thread 0x000001defc57c680 Exception <a 'java/lang/NoSuchMethodError'{0x00000000dfe263e8}: 'int java.lang.invoke.DirectMethodHandle$Holder.invokeInterface(java.lang.Object, java.lang.Object)'> (0x00000000dfe263e8) 
thrown [s\src\hotspot\share\interpreter\linkResolver.cpp, line 784]
Event: 0.500 Thread 0x000001defc57b2d0 Exception <a 'java/lang/NoSuchMethodError'{0x00000000dfefd0b8}: static [Ljava/rmi/server/ObjID;.<clinit>()V> (0x00000000dfefd0b8) 
thrown [s\src\hotspot\share\prims\jni.cpp, line 1144]
Event: 0.502 Thread 0x000001defc57cd10 Exception <a 'java/lang/NoSuchMethodError'{0x00000000dfd016d0}: 'java.lang.Object java.lang.invoke.DirectMethodHandle$Holder.invokeSpecial(java.lang.Object, java.lang.Object, int, java.lang.Object, long)'> (0x00000000dfd016d0) 
thrown [s\src\hotspot\share\interpreter\linkResolver.cpp, line 784]
Event: 0.503 Thread 0x000001defc57cd10 Exception <a 'java/lang/NoSuchMethodError'{0x00000000dfd08488}: 'java.lang.Object java.lang.invoke.DirectMethodHandle$Holder.newInvokeSpecial(java.lang.Object, java.lang.Object, int, java.lang.Object, long)'> (0x00000000dfd08488) 
thrown [s\src\hotspot\share\interpreter\linkResolver.cpp, line 784]
Event: 0.505 Thread 0x000001defc57b2d0 Exception <a 'java/lang/NoSuchMethodError'{0x00000000dfd8a5a0}: 'void java.lang.invoke.Invokers$Holder.linkToTargetMethod(java.lang.Object, java.lang.Object)'> (0x00000000dfd8a5a0) 
thrown [s\src\hotspot\share\interpreter\linkResolver.cpp, line 784]
Event: 0.507 Thread 0x000001defc57b2d0 Exception <a 'java/lang/NoSuchMethodError'{0x00000000dfd8f3f8}: 'void java.lang.invoke.DirectMethodHandle$Holder.invokeInterface(java.lang.Object, java.lang.Object)'> (0x00000000dfd8f3f8) 
thrown [s\src\hotspot\share\interpreter\linkResolver.cpp, line 784]
Event: 0.524 Thread 0x000001defc57b2d0 Exception <a 'java/lang/NoSuchMethodError'{0x00000000dfcba278}: 'int java.lang.invoke.DirectMethodHandle$Holder.invokeStatic(java.lang.Object, int, java.lang.Object)'> (0x00000000dfcba278) 
thrown [s\src\hotspot\share\interpreter\linkResolver.cpp, line 784]

ZGC Phase Switch (0 events):
No events

VM Operations (12 events):
Event: 0.111 Executing non-safepoint VM operation: HandshakeAllThreads (Deoptimize)
Event: 0.111 Executing non-safepoint VM operation: HandshakeAllThreads (Deoptimize) done
Event: 0.269 Executing non-safepoint VM operation: HandshakeAllThreads (Deoptimize)
Event: 0.269 Executing non-safepoint VM operation: HandshakeAllThreads (Deoptimize) done
Event: 0.396 Executing safepoint VM operation: ICBufferFull
Event: 0.396 Executing safepoint VM operation: ICBufferFull done
Event: 0.522 Executing non-safepoint VM operation: HandshakeAllThreads (Deoptimize)
Event: 0.522 Executing non-safepoint VM operation: HandshakeAllThreads (Deoptimize) done
Event: 0.525 Executing non-safepoint VM operation: HandshakeAllThreads (Deoptimize)
Event: 0.525 Executing non-safepoint VM operation: HandshakeAllThreads (Deoptimize) done
Event: 0.542 Executing safepoint VM operation: G1CollectForAllocation (G1 Evacuation Pause)
Event: 0.547 Executing safepoint VM operation: G1CollectForAllocation (G1 Evacuation Pause) done

Memory protections (0 events):
No events

Nmethod flushes (0 events):
No events

Events (20 events):
Event: 0.068 Loaded shared library C:\Program Files\JetBrains\DataGrip 2025.3.5\jbr\bin\net.dll
Event: 0.070 Loaded shared library C:\Program Files\JetBrains\DataGrip 2025.3.5\jbr\bin\nio.dll
Event: 0.078 Thread 0x000001deb5ac5760 Thread added: 0x000001deb5c9b610
Event: 0.078 Thread 0x000001deb5ac5760 Thread added: 0x000001deb5c9bcc0
Event: 0.081 Loaded shared library C:\Program Files\JetBrains\DataGrip 2025.3.5\jbr\bin\zip.dll
Event: 0.106 Loaded shared library C:\Program Files\JetBrains\DataGrip 2025.3.5\jbr\bin\jimage.dll
Event: 0.322 Thread 0x000001deb5ba3950 Thread added: 0x000001defc2f4f40
Event: 0.322 Thread 0x000001deb5ba3950 Thread added: 0x000001defc2abf70
Event: 0.385 Loaded shared library C:\Program Files\JetBrains\DataGrip 2025.3.5\jbr\bin\extnet.dll
Event: 0.392 Thread 0x000001de9be38d50 Thread added: 0x000001deb5ab99c0
Event: 0.402 Thread 0x000001de9be38d50 Thread added: 0x000001deb5ab78f0
Event: 0.402 Thread 0x000001de9be38d50 Thread added: 0x000001deb5abad70
Event: 0.403 Loaded shared library C:\Program Files\JetBrains\DataGrip 2025.3.5\jbr\bin\rmi.dll
Event: 0.404 Thread 0x000001de9be38d50 Thread added: 0x000001deb5ab7f80
Event: 0.438 Thread 0x000001deb5ab99c0 Thread added: 0x000001deb5ab8610
Event: 0.439 Thread 0x000001deb5ab99c0 Thread added: 0x000001deb5ab8ca0
Event: 0.468 Thread 0x000001deb5ab8ca0 Thread added: 0x000001defc57ac40
Event: 0.469 Thread 0x000001deb5ab78f0 Thread added: 0x000001defc57c680
Event: 0.469 Thread 0x000001deb5ab78f0 Thread added: 0x000001defc57b2d0
Event: 0.495 Thread 0x000001defc57b2d0 Thread added: 0x000001defc57cd10


Dynamic libraries:
0x00007ff78b9e0000 - 0x00007ff78b9ea000 	C:\Program Files\JetBrains\DataGrip 2025.3.5\jbr\bin\java.exe
0x00007ffd00d40000 - 0x00007ffd00fa7000 	C:\WINDOWS\SYSTEM32\ntdll.dll
0x00007ffcfee20000 - 0x00007ffcfeee9000 	C:\WINDOWS\System32\KERNEL32.DLL
0x00007ffcfdcf0000 - 0x00007ffcfe0e1000 	C:\WINDOWS\System32\KERNELBASE.dll
0x00007ffcfe960000 - 0x00007ffcfeaab000 	C:\WINDOWS\System32\ucrtbase.dll
0x00007ffbeff60000 - 0x00007ffbeff7b000 	C:\Program Files\JetBrains\DataGrip 2025.3.5\jbr\bin\VCRUNTIME140.dll
0x00007ffcea860000 - 0x00007ffcea878000 	C:\Program Files\JetBrains\DataGrip 2025.3.5\jbr\bin\jli.dll
0x00007ffd001f0000 - 0x00007ffd003b5000 	C:\WINDOWS\System32\USER32.dll
0x00007ffcea4c0000 - 0x00007ffcea753000 	C:\WINDOWS\WinSxS\amd64_microsoft.windows.common-controls_6595b64144ccf1df_6.0.26100.7922_none_3e089e1ee3342171\COMCTL32.dll
0x00007ffcfeab0000 - 0x00007ffcfead7000 	C:\WINDOWS\System32\win32u.dll
0x00007ffd00b40000 - 0x00007ffd00be9000 	C:\WINDOWS\System32\msvcrt.dll
0x00007ffcff9b0000 - 0x00007ffcff9db000 	C:\WINDOWS\System32\GDI32.dll
0x00007ffcfd6b0000 - 0x00007ffcfd7da000 	C:\WINDOWS\System32\gdi32full.dll
0x00007ffcfd7e0000 - 0x00007ffcfd883000 	C:\WINDOWS\System32\msvcp_win.dll
0x00007ffd00c10000 - 0x00007ffd00c41000 	C:\WINDOWS\System32\IMM32.DLL
0x00007ffc7e5f0000 - 0x00007ffc7e5fc000 	C:\Program Files\JetBrains\DataGrip 2025.3.5\jbr\bin\vcruntime140_1.dll
0x00007ffbd26b0000 - 0x00007ffbd273d000 	C:\Program Files\JetBrains\DataGrip 2025.3.5\jbr\bin\msvcp140.dll
0x00007ffbdcc70000 - 0x00007ffbdda3d000 	C:\Program Files\JetBrains\DataGrip 2025.3.5\jbr\bin\server\jvm.dll
0x00007ffcfed60000 - 0x00007ffcfee1b000 	C:\WINDOWS\System32\ADVAPI32.dll
0x00007ffd00c50000 - 0x00007ffd00cf7000 	C:\WINDOWS\System32\sechost.dll
0x00007ffcfeae0000 - 0x00007ffcfebf8000 	C:\WINDOWS\System32\RPCRT4.dll
0x00007ffcfffd0000 - 0x00007ffd00044000 	C:\WINDOWS\System32\WS2_32.dll
0x00007ffcfd480000 - 0x00007ffcfd4de000 	C:\WINDOWS\SYSTEM32\POWRPROF.dll
0x00007ffcf6740000 - 0x00007ffcf674b000 	C:\WINDOWS\SYSTEM32\VERSION.dll
0x00007ffcf6700000 - 0x00007ffcf6735000 	C:\WINDOWS\SYSTEM32\WINMM.dll
0x00007ffcfd460000 - 0x00007ffcfd474000 	C:\WINDOWS\SYSTEM32\UMPDC.dll
0x00007ffcfc3b0000 - 0x00007ffcfc3cb000 	C:\WINDOWS\SYSTEM32\kernel.appcore.dll
0x00007ffc7b380000 - 0x00007ffc7b38a000 	C:\Program Files\JetBrains\DataGrip 2025.3.5\jbr\bin\jimage.dll
0x00007ffcfb5c0000 - 0x00007ffcfb802000 	C:\WINDOWS\SYSTEM32\DBGHELP.DLL
0x00007ffcfef80000 - 0x00007ffcff302000 	C:\WINDOWS\System32\combase.dll
0x00007ffcffe70000 - 0x00007ffcfff47000 	C:\WINDOWS\System32\OLEAUT32.dll
0x00007ffcd3250000 - 0x00007ffcd328b000 	C:\WINDOWS\SYSTEM32\dbgcore.DLL
0x00007ffcfda00000 - 0x00007ffcfdaa5000 	C:\WINDOWS\System32\bcryptPrimitives.dll
0x00007ffbde4a0000 - 0x00007ffbde4c0000 	C:\Program Files\JetBrains\DataGrip 2025.3.5\jbr\bin\java.dll
0x00007ffd003c0000 - 0x00007ffd00b1f000 	C:\WINDOWS\System32\SHELL32.dll
0x00007ffcfd890000 - 0x00007ffcfd9fa000 	C:\WINDOWS\System32\wintypes.dll
0x00007ffcfe0f0000 - 0x00007ffcfe954000 	C:\WINDOWS\System32\windows.storage.dll
0x00007ffcffc80000 - 0x00007ffcffd77000 	C:\WINDOWS\System32\SHCORE.dll
0x00007ffcffd80000 - 0x00007ffcffde7000 	C:\WINDOWS\System32\shlwapi.dll
0x00007ffcfd540000 - 0x00007ffcfd569000 	C:\WINDOWS\SYSTEM32\profapi.dll
0x00007ffc7b350000 - 0x00007ffc7b360000 	C:\Program Files\JetBrains\DataGrip 2025.3.5\jbr\bin\net.dll
0x00007ffcf80a0000 - 0x00007ffcf81c7000 	C:\WINDOWS\SYSTEM32\WINHTTP.dll
0x00007ffcfc920000 - 0x00007ffcfc98b000 	C:\WINDOWS\system32\mswsock.dll
0x00007ffbde460000 - 0x00007ffbde476000 	C:\Program Files\JetBrains\DataGrip 2025.3.5\jbr\bin\nio.dll
0x00007ffbde480000 - 0x00007ffbde498000 	C:\Program Files\JetBrains\DataGrip 2025.3.5\jbr\bin\zip.dll
0x00007ffcfbe60000 - 0x00007ffcfbe93000 	C:\WINDOWS\SYSTEM32\IPHLPAPI.DLL
0x00007ffcff470000 - 0x00007ffcff47a000 	C:\WINDOWS\System32\NSI.dll
0x00007ffcfcc00000 - 0x00007ffcfcc1b000 	C:\WINDOWS\SYSTEM32\CRYPTSP.dll
0x00007ffcfc310000 - 0x00007ffcfc349000 	C:\WINDOWS\system32\rsaenh.dll
0x00007ffcfc9d0000 - 0x00007ffcfca02000 	C:\WINDOWS\SYSTEM32\USERENV.dll
0x00007ffcfd510000 - 0x00007ffcfd53a000 	C:\WINDOWS\SYSTEM32\bcrypt.dll
0x00007ffcfcc20000 - 0x00007ffcfcc2c000 	C:\WINDOWS\SYSTEM32\CRYPTBASE.dll
0x00007ffc6fec0000 - 0x00007ffc6fec9000 	C:\Program Files\JetBrains\DataGrip 2025.3.5\jbr\bin\extnet.dll
0x00007ffce5140000 - 0x00007ffce5147000 	C:\Program Files\JetBrains\DataGrip 2025.3.5\jbr\bin\rmi.dll

JVMTI agents: none

dbghelp: loaded successfully - version: 4.0.5 - missing functions: none
symbol engine: initialized successfully - sym options: 0x614 - pdb path: .;C:\Program Files\JetBrains\DataGrip 2025.3.5\jbr\bin;C:\WINDOWS\SYSTEM32;C:\WINDOWS\WinSxS\amd64_microsoft.windows.common-controls_6595b64144ccf1df_6.0.26100.7922_none_3e089e1ee3342171;C:\Program Files\JetBrains\DataGrip 2025.3.5\jbr\bin\server

VM Arguments:
jvm_args: -Djava.rmi.server.hostname=127.0.0.1 -Duser.timezone=UTC -Djava.library.path=C:\Users\kieth\AppData\Roaming\JetBrains\DataGrip2025.3\jdbc-drivers\SQL Server\13.2.1\com\microsoft\sqlserver\mssql-jdbc_auth\13.2.1.x86;C:\Users\kieth\AppData\Roaming\JetBrains\DataGrip2025.3\jdbc-drivers\SQL Server\13.2.1\com\microsoft\sqlserver\mssql-jdbc_auth\13.2.1.x64 -Xmx750m -Xms256m --add-exports=java.desktop/sun.awt=ALL-UNNAMED --add-exports=java.desktop/java.awt.peer=ALL-UNNAMED --add-opens=java.desktop/java.awt=ALL-UNNAMED --add-opens=jdk.unsupported/sun.misc=ALL-UNNAMED --add-opens=java.base/java.nio=ALL-UNNAMED --add-opens=java.base/java.util=ALL-UNNAMED -Dfile.encoding=UTF-8 -Dsun.stdout.encoding=UTF-8 -Dsun.stderr.encoding=UTF-8 
java_command: com.intellij.database.remote.RemoteJdbcServer com.microsoft.sqlserver.jdbc.SQLServerDriver
java_class_path (initial): C:\Program Files\JetBrains\DataGrip 2025.3.5\lib\util_rt.jar;C:\Program Files\JetBrains\DataGrip 2025.3.5\lib\module-intellij.libraries.fastutil.jar;C:\Program Files\JetBrains\DataGrip 2025.3.5\lib\groovy.jar;C:\Program Files\JetBrains\DataGrip 2025.3.5\plugins\DatabaseTools\lib\modules\intellij.database.jdbcConsole.jar;C:\Program Files\JetBrains\DataGrip 2025.3.5\lib\modules\intellij.grid.types.jar;C:\Program Files\JetBrains\DataGrip 2025.3.5\lib\util.jar;C:\Program Files\JetBrains\DataGrip 2025.3.5\lib\module-intellij.libraries.bouncy.castle.provider.jar
Launcher Type: SUN_STANDARD

[Global flags]
     intx CICompilerCount                          = 12                                        {product} {ergonomic}
     uint ConcGCThreads                            = 3                                         {product} {ergonomic}
     uint G1ConcRefinementThreads                  = 13                                        {product} {ergonomic}
   size_t G1HeapRegionSize                         = 1048576                                   {product} {ergonomic}
    uintx GCDrainStackTargetSize                   = 64                                        {product} {ergonomic}
   size_t InitialHeapSize                          = 268435456                                 {product} {command line}
   size_t MarkStackSize                            = 4194304                                   {product} {ergonomic}
   size_t MaxHeapSize                              = 786432000                                 {product} {command line}
   size_t MaxNewSize                               = 471859200                                 {product} {ergonomic}
   size_t MinHeapDeltaBytes                        = 1048576                                   {product} {ergonomic}
   size_t MinHeapSize                              = 268435456                                 {product} {command line}
    uintx NonNMethodCodeHeapSize                   = 7602480                                {pd product} {ergonomic}
    uintx NonProfiledCodeHeapSize                  = 122027880                              {pd product} {ergonomic}
    uintx ProfiledCodeHeapSize                     = 122027880                              {pd product} {ergonomic}
    uintx ReservedCodeCacheSize                    = 251658240                              {pd product} {ergonomic}
     bool SegmentedCodeCache                       = true                                      {product} {ergonomic}
   size_t SoftMaxHeapSize                          = 786432000                              {manageable} {ergonomic}
     bool UseCompressedOops                        = true                           {product lp64_product} {ergonomic}
     bool UseG1GC                                  = true                                      {product} {ergonomic}
     bool UseLargePagesIndividualAllocation        = false                                  {pd product} {ergonomic}

Logging:
Log output configuration:
 #0: stdout all=warning uptime,level,tags foldmultilines=false
 #1: stderr all=off uptime,level,tags foldmultilines=false

Release file:
JAVA_VERSION="21.0.10" 
MODULES="java.base java.datatransfer java.xml java.prefs java.desktop gluegen.rt java.compiler java.instrument java.logging java.management java.security.sasl java.naming java.rmi java.management.rmi java.net.http java.scripting java.security.jgss java.transaction.xa java.sql java.sql.rowset java.xml.crypto java.se java.smartcardio jogl.all jcef jdk.accessibility jdk.internal.jvmstat jdk.attach jdk.charsets jdk.internal.opt jdk.zipfs jdk.compiler jdk.crypto.ec jdk.crypto.cryptoki jdk.crypto.mscapi jdk.dynalink jdk.hotspot.agent jdk.httpserver jdk.internal.ed jdk.internal.le jdk.internal.vm.ci jdk.javadoc jdk.jcmd jdk.jdwp.agent jdk.jdi jdk.jfr jdk.jsobject jdk.localedata jdk.management jdk.management.agent jdk.management.jfr jdk.naming.dns jdk.naming.rmi jdk.net jdk.sctp jdk.security.auth jdk.security.jgss jdk.unsupported jdk.unsupported.desktop jdk.xml.dom" 
IMPLEMENTOR="JetBrains s.r.o." 
IMPLEMENTOR_VERSION="JBR-21.0.10+1-1163.105-jcef" 
JAVA_RUNTIME_VERSION="21.0.10+1-b1163.105" 
LIBC="default" 
OS_ARCH="x86_64" 
OS_NAME="Windows" 
SOURCE=".:git:523c874eb177+ jcef_git:git:4a605f44671a" 
JCEF_VERSION="137.0.17.1107+ge397b56" 
JCEF_COMMIT_HASH="e397b569415d3c67b114495985454e5201955573" 

Environment Variables:
JAVA_HOME=C:\Program Files\Eclipse Adoptium\jdk-21
PATH=C:\Program Files\Common Files\Oracle\Java\javapath;C:\WINDOWS\system32;C:\WINDOWS;C:\WINDOWS\System32\Wbem;C:\WINDOWS\System32\WindowsPowerShell\v1.0\;C:\WINDOWS\System32\OpenSSH\;C:\Program Files\dotnet\;C:\Program Files\Microsoft SQL Server\170\DTS\Binn\;C:\Program Files (x86)\Microsoft SQL Server\160\DTS\Binn\;C:\Program Files\Azure Data Studio\bin;C:\Program Files\Microsoft SQL Server\130\Tools\Binn\;C:\Program Files\Microsoft SQL Server\170\Tools\Binn\;C:\Program Files\Microsoft SQL Server\Client SDK\ODBC\170\Tools\Binn\;C:\Program Files\Docker\Docker\resources\bin;C:\Program Files\nodejs\;c:\Program Files (x86)\Microsoft SQL Server\100\Tools\Binn\;c:\Program Files\Microsoft SQL Server\100\Tools\Binn\;c:\Program Files\Microsoft SQL Server\100\DTS\Binn\;C:\Program Files\Microsoft SQL Server\150\Tools\Binn\;C:\Program Files\TortoiseSVN\bin;C:\Program Files\WinMerge;C:\Program Files\NVIDIA Corporation\NVIDIA App\NvDLISR;C:\Program Files (x86)\NVIDIA Corporation\PhysX\Common;C:\Program Files\Git\cmd;C:\Program Files\Cloudflare\Cloudflare WARP\;C:\mingw64\bin;C:\Users\kieth\AppData\Local\Programs\Python\Python314\Scripts\;C:\Users\kieth\AppData\Local\Programs\Python\Python314\;C:\Users\kieth\AppData\Local\Microsoft\WindowsApps;C:\Users\kieth\.dotnet\tools;C:\Program Files\Azure Data Studio\bin;C:\Users\kieth\AppData\Local\Programs\Microsoft VS Code\bin;C:\Users\kieth\AppData\Roaming\npm;C:\Program Files\JetBrains\IntelliJ IDEA 2025.3\bin;C:\Program Files\JetBrains\PyCharm 2025.3.1\bin;C:\Program Files\JetBrains\DataGrip 2025.3.5\bin;C:\Users\kieth\AppData\Roaming\JetBrains\DataGrip2025.3\jdbc-drivers\SQL Server\13.2.1\com\microsoft\sqlserver\mssql-jdbc_auth\13.2.1.x86;C:\Users\kieth\AppData\Roaming\JetBrains\DataGrip2025.3\jdbc-drivers\SQL Server\13.2.1\com\microsoft\sqlserver\mssql-jdbc_auth\13.2.1.x64
USERNAME=kieth
OS=Windows_NT
PROCESSOR_IDENTIFIER=AMD64 Family 23 Model 96 Stepping 1, AuthenticAMD
TMP=C:\Users\kieth\AppData\Local\Temp
TEMP=C:\Users\kieth\AppData\Local\Temp




Periodic native trim disabled

JNI global refs:
JNI global refs: 25, weak refs: 0

JNI global refs memory usage: 835, weak refs: 201

Process memory usage:
Resident Set Size: 104400K (0% of 16170096K total physical memory with 1228972K free physical memory)

OOME stack traces (most recent first):
Classloader memory used:
Loader bootstrap                                                                       : 2689K
Loader jdk.internal.loader.ClassLoaders$AppClassLoader                                 : 1403K
Loader com.intellij.database.remote.jdbc.impl.JdbcClassLoader$JdbcClassLoaderImpl      : 190K
Loader jdk.internal.reflect.DelegatingClassLoader                                      : 62952B
Loader jdk.internal.loader.ClassLoaders$PlatformClassLoader                            : 25104B

---------------  S Y S T E M  ---------------

OS:
 Windows 11 , 64 bit Build 26100 (10.0.26100.7920)
OS uptime: 0 days 0:40 hours

CPU: total 16 (initial active 16) (16 cores per cpu, 2 threads per core) family 23 model 96 stepping 1 microcode 0x8600106, cx8, cmov, fxsr, ht, mmx, 3dnowpref, sse, sse2, sse3, ssse3, sse4a, sse4.1, sse4.2, popcnt, lzcnt, tsc, tscinvbit, avx, avx2, aes, clmul, bmi1, bmi2, adx, sha, fma, vzeroupper, clflush, clflushopt, rdtscp, rdpid, f16c
Processor Information for the first 16 processors :
  Max Mhz: 2901, Current Mhz: 2901, Mhz Limit: 2901

Memory: 4k page, system-wide physical 15791M (1200M free)
TotalPageFile size 26031M (AvailPageFile size 6704M)
current process WorkingSet (physical memory assigned to process): 102M, peak: 102M
current process commit charge ("private bytes"): 383M, peak: 384M

vm_info: OpenJDK 64-Bit Server VM (21.0.10+1-b1163.105) for windows-amd64 JRE (21.0.10+1-b1163.105), built on 2026-02-03 by "builduser" with MS VC++ 16.10 / 16.11 (VS2019)

END.
